[INFO] Scanning for projects...
[INFO] 
[INFO] -----------------< com.yowyob.delivery:route-service >------------------
[INFO] Building Logistics Routing API 0.0.1-SNAPSHOT
[INFO]   from pom.xml
[INFO] --------------------------------[ jar ]---------------------------------
[INFO] 
[INFO] --- resources:3.3.1:resources (default-resources) @ route-service ---
[INFO] Copying 1 resource from src\main\resources to target\classes
[INFO] Copying 6 resources from src\main\resources to target\classes
[INFO] 
[INFO] --- compiler:3.11.0:compile (default-compile) @ route-service ---
[INFO] Nothing to compile - all classes are up to date
[INFO] 
[INFO] --- resources:3.3.1:testResources (default-testResources) @ route-service ---
[INFO] skip non existing resourceDirectory E:\backend\backend\src\test\resources
[INFO] 
[INFO] --- compiler:3.11.0:testCompile (default-testCompile) @ route-service ---
[INFO] Nothing to compile - all classes are up to date
[INFO] 
[INFO] --- surefire:3.5.2:test (default-test) @ route-service ---
[INFO] Using auto detected provider org.apache.maven.surefire.junitplatform.JUnitPlatformProvider
[INFO] 
[INFO] -------------------------------------------------------
[INFO]  T E S T S
[INFO] -------------------------------------------------------
[INFO] Running com.yowyob.delivery.route.controller.DeliveryControllerTest
09:46:32.181 [main] INFO org.springframework.test.context.support.AnnotationConfigContextLoaderUtils -- Could not detect default configuration classes for test class [com.yowyob.delivery.route.controller.DeliveryControllerTest]: DeliveryControllerTest does not declare any static, non-private, non-final, nested classes annotated with @Configuration.
09:46:32.534 [main] INFO org.springframework.boot.test.context.SpringBootTestContextBootstrapper -- Found @SpringBootConfiguration com.yowyob.delivery.route.RouteApplication for test class com.yowyob.delivery.route.controller.DeliveryControllerTest

  .   ____          _            __ _ _
 /\\ / ___'_ __ _ _(_)_ __  __ _ \ \ \ \
( ( )\___ | '_ | '_| | '_ \/ _` | \ \ \ \
 \\/  ___)| |_)| | | | | || (_| |  ) ) ) )
  '  |____| .__|_| |_|_| |_\__, | / / / /
 =========|_|==============|___/=/_/_/_/

 :: Spring Boot ::                (v3.4.0)

2025-12-23T09:46:33.385+01:00  INFO 32336 --- [route-service] [           main] c.y.d.r.c.DeliveryControllerTest         : Starting DeliveryControllerTest using Java 21 with PID 32336 (started by HP PROBOOK in E:\backend\backend)
2025-12-23T09:46:33.388+01:00  INFO 32336 --- [route-service] [           main] c.y.d.r.c.DeliveryControllerTest         : No active profile set, falling back to 1 default profile: "default"
2025-12-23T09:46:37.477+01:00  INFO 32336 --- [route-service] [           main] c.y.d.r.c.DeliveryControllerTest         : Started DeliveryControllerTest in 4.792 seconds (process running for 6.941)
[INFO] Tests run: 3, Failures: 0, Errors: 0, Skipped: 0, Time elapsed: 6.673 s -- in com.yowyob.delivery.route.controller.DeliveryControllerTest
[INFO] Running com.yowyob.delivery.route.controller.HubControllerTest
2025-12-23T09:46:38.552+01:00  INFO 32336 --- [route-service] [           main] t.c.s.AnnotationConfigContextLoaderUtils : Could not detect default configuration classes for test class [com.yowyob.delivery.route.controller.HubControllerTest]: HubControllerTest does not declare any static, non-private, non-final, nested classes annotated with @Configuration.
2025-12-23T09:46:38.646+01:00  INFO 32336 --- [route-service] [           main] .b.t.c.SpringBootTestContextBootstrapper : Found @SpringBootConfiguration com.yowyob.delivery.route.RouteApplication for test class com.yowyob.delivery.route.controller.HubControllerTest

  .   ____          _            __ _ _
 /\\ / ___'_ __ _ _(_)_ __  __ _ \ \ \ \
( ( )\___ | '_ | '_| | '_ \/ _` | \ \ \ \
 \\/  ___)| |_)| | | | | || (_| |  ) ) ) )
  '  |____| .__|_| |_|_| |_\__, | / / / /
 =========|_|==============|___/=/_/_/_/

 :: Spring Boot ::                (v3.4.0)

2025-12-23T09:46:38.751+01:00  INFO 32336 --- [route-service] [           main] c.y.d.r.controller.HubControllerTest     : Starting HubControllerTest using Java 21 with PID 32336 (started by HP PROBOOK in E:\backend\backend)
2025-12-23T09:46:38.752+01:00  INFO 32336 --- [route-service] [           main] c.y.d.r.controller.HubControllerTest     : No active profile set, falling back to 1 default profile: "default"
2025-12-23T09:46:39.414+01:00  INFO 32336 --- [route-service] [           main] c.y.d.r.controller.HubControllerTest     : Started HubControllerTest in 0.757 seconds (process running for 8.879)
[INFO] Tests run: 3, Failures: 0, Errors: 0, Skipped: 0, Time elapsed: 1.004 s -- in com.yowyob.delivery.route.controller.HubControllerTest
[INFO] Running com.yowyob.delivery.route.controller.ParcelControllerTest
2025-12-23T09:46:39.566+01:00  INFO 32336 --- [route-service] [           main] t.c.s.AnnotationConfigContextLoaderUtils : Could not detect default configuration classes for test class [com.yowyob.delivery.route.controller.ParcelControllerTest]: ParcelControllerTest does not declare any static, non-private, non-final, nested classes annotated with @Configuration.
2025-12-23T09:46:39.599+01:00  INFO 32336 --- [route-service] [           main] .b.t.c.SpringBootTestContextBootstrapper : Found @SpringBootConfiguration com.yowyob.delivery.route.RouteApplication for test class com.yowyob.delivery.route.controller.ParcelControllerTest

  .   ____          _            __ _ _
 /\\ / ___'_ __ _ _(_)_ __  __ _ \ \ \ \
( ( )\___ | '_ | '_| | '_ \/ _` | \ \ \ \
 \\/  ___)| |_)| | | | | || (_| |  ) ) ) )
  '  |____| .__|_| |_|_| |_\__, | / / / /
 =========|_|==============|___/=/_/_/_/

 :: Spring Boot ::                (v3.4.0)

2025-12-23T09:46:39.666+01:00  INFO 32336 --- [route-service] [           main] c.y.d.r.controller.ParcelControllerTest  : Starting ParcelControllerTest using Java 21 with PID 32336 (started by HP PROBOOK in E:\backend\backend)
2025-12-23T09:46:39.666+01:00  INFO 32336 --- [route-service] [           main] c.y.d.r.controller.ParcelControllerTest  : No active profile set, falling back to 1 default profile: "default"
2025-12-23T09:46:40.197+01:00  INFO 32336 --- [route-service] [           main] c.y.d.r.controller.ParcelControllerTest  : Started ParcelControllerTest in 0.589 seconds (process running for 9.662)
[INFO] Tests run: 3, Failures: 0, Errors: 0, Skipped: 0, Time elapsed: 0.741 s -- in com.yowyob.delivery.route.controller.ParcelControllerTest
[INFO] Running com.yowyob.delivery.route.controller.RouteControllerTest
2025-12-23T09:46:40.311+01:00  INFO 32336 --- [route-service] [           main] t.c.s.AnnotationConfigContextLoaderUtils : Could not detect default configuration classes for test class [com.yowyob.delivery.route.controller.RouteControllerTest]: RouteControllerTest does not declare any static, non-private, non-final, nested classes annotated with @Configuration.
2025-12-23T09:46:40.332+01:00  INFO 32336 --- [route-service] [           main] .b.t.c.SpringBootTestContextBootstrapper : Found @SpringBootConfiguration com.yowyob.delivery.route.RouteApplication for test class com.yowyob.delivery.route.controller.RouteControllerTest

  .   ____          _            __ _ _
 /\\ / ___'_ __ _ _(_)_ __  __ _ \ \ \ \
( ( )\___ | '_ | '_| | '_ \/ _` | \ \ \ \
 \\/  ___)| |_)| | | | | || (_| |  ) ) ) )
  '  |____| .__|_| |_|_| |_\__, | / / / /
 =========|_|==============|___/=/_/_/_/

 :: Spring Boot ::                (v3.4.0)

2025-12-23T09:46:40.388+01:00  INFO 32336 --- [route-service] [           main] c.y.d.r.controller.RouteControllerTest   : Starting RouteControllerTest using Java 21 with PID 32336 (started by HP PROBOOK in E:\backend\backend)
2025-12-23T09:46:40.388+01:00  INFO 32336 --- [route-service] [           main] c.y.d.r.controller.RouteControllerTest   : No active profile set, falling back to 1 default profile: "default"
2025-12-23T09:46:40.768+01:00  INFO 32336 --- [route-service] [           main] c.y.d.r.controller.RouteControllerTest   : Started RouteControllerTest in 0.43 seconds (process running for 10.233)
[INFO] Tests run: 3, Failures: 0, Errors: 0, Skipped: 0, Time elapsed: 0.539 s -- in com.yowyob.delivery.route.controller.RouteControllerTest
[INFO] Running com.yowyob.delivery.route.mapper.HubMapperTest
[INFO] Tests run: 6, Failures: 0, Errors: 0, Skipped: 0, Time elapsed: 0.083 s -- in com.yowyob.delivery.route.mapper.HubMapperTest
[INFO] Running com.yowyob.delivery.route.mapper.ParcelMapperTest
[ERROR] Tests run: 2, Failures: 0, Errors: 1, Skipped: 0, Time elapsed: 0.216 s <<< FAILURE! -- in com.yowyob.delivery.route.mapper.ParcelMapperTest
[ERROR] com.yowyob.delivery.route.mapper.ParcelMapperTest.shouldMapParcelToResponseDTO -- Time elapsed: 0.018 s <<< ERROR!
java.lang.Error: 
Unresolved compilation problem: 
	STANDARD cannot be resolved or is not a field

	at com.yowyob.delivery.route.mapper.ParcelMapperTest.shouldMapParcelToResponseDTO(ParcelMapperTest.java:51)
	at java.base/java.lang.reflect.Method.invoke(Method.java:580)
	at java.base/java.util.ArrayList.forEach(ArrayList.java:1596)
	at java.base/java.util.ArrayList.forEach(ArrayList.java:1596)

[INFO] Running com.yowyob.delivery.route.mapper.RouteMapperTest
[INFO] Tests run: 1, Failures: 0, Errors: 0, Skipped: 0, Time elapsed: 0.120 s -- in com.yowyob.delivery.route.mapper.RouteMapperTest
[INFO] Running com.yowyob.delivery.route.service.impl.DijkstraRoutingStrategyTest
[INFO] Tests run: 1, Failures: 0, Errors: 0, Skipped: 0, Time elapsed: 0.406 s -- in com.yowyob.delivery.route.service.impl.DijkstraRoutingStrategyTest
[INFO] Running com.yowyob.delivery.route.service.impl.HubServiceImplTest
2025-12-23T09:46:41.799+01:00  INFO 32336 --- [route-service] [           main] c.y.d.route.service.impl.HubServiceImpl  : Creating hub: Test Address
2025-12-23T09:46:41.804+01:00  INFO 32336 --- [route-service] [           main] c.y.d.route.service.impl.HubServiceImpl  : Hub created with ID: 9e8ef4dd-d15d-4839-98e2-4594dc76aab8
[ERROR] Tests run: 3, Failures: 1, Errors: 0, Skipped: 0, Time elapsed: 0.108 s <<< FAILURE! -- in com.yowyob.delivery.route.service.impl.HubServiceImplTest
[ERROR] com.yowyob.delivery.route.service.impl.HubServiceImplTest.shouldCreateHub -- Time elapsed: 0.051 s <<< FAILURE!
Wanted but not invoked:
hubRepository.saveWithGeometry(
    <custom argument matcher>
);
-> at com.yowyob.delivery.route.service.impl.HubServiceImplTest.shouldCreateHub(HubServiceImplTest.java:61)

However, there was exactly 1 interaction with this mock:
hubRepository.saveWithGeometry(
    com.yowyob.delivery.route.domain.entity.Hub@671f545b
);
-> at com.yowyob.delivery.route.service.impl.HubServiceImpl.createHub(HubServiceImpl.java:47)


	at com.yowyob.delivery.route.service.impl.HubServiceImplTest.shouldCreateHub(HubServiceImplTest.java:61)
	at java.base/java.lang.reflect.Method.invoke(Method.java:580)
	at java.base/java.util.ArrayList.forEach(ArrayList.java:1596)
	at java.base/java.util.ArrayList.forEach(ArrayList.java:1596)

[INFO] Running com.yowyob.delivery.route.service.impl.ParcelServiceImplTest
[INFO] Tests run: 3, Failures: 0, Errors: 0, Skipped: 0, Time elapsed: 0.218 s -- in com.yowyob.delivery.route.service.impl.ParcelServiceImplTest
[INFO] Running com.yowyob.delivery.route.service.impl.RouteServiceImplTest
[INFO] Tests run: 3, Failures: 0, Errors: 0, Skipped: 0, Time elapsed: 0.355 s -- in com.yowyob.delivery.route.service.impl.RouteServiceImplTest
[INFO] 
[INFO] Results:
[INFO] 
[ERROR] Failures: 
[ERROR]   HubServiceImplTest.shouldCreateHub:61 
Wanted but not invoked:
hubRepository.saveWithGeometry(
    <custom argument matcher>
);
-> at com.yowyob.delivery.route.service.impl.HubServiceImplTest.shouldCreateHub(HubServiceImplTest.java:61)

However, there was exactly 1 interaction with this mock:
hubRepository.saveWithGeometry(
    com.yowyob.delivery.route.domain.entity.Hub@671f545b
);
-> at com.yowyob.delivery.route.service.impl.HubServiceImpl.createHub(HubServiceImpl.java:47)


[ERROR] Errors: 
[ERROR]   ParcelMapperTest.shouldMapParcelToResponseDTO:51  Unresolved compilation problem: 
	STANDARD cannot be resolved or is not a field

[INFO] 
[ERROR] Tests run: 31, Failures: 1, Errors: 1, Skipped: 0
[INFO] 
[INFO] ------------------------------------------------------------------------
[INFO] BUILD FAILURE
[INFO] ------------------------------------------------------------------------
[INFO] Total time:  16.041 s
[INFO] Finished at: 2025-12-23T09:46:42+01:00
[INFO] ------------------------------------------------------------------------
[ERROR] Failed to execute goal org.apache.maven.plugins:maven-surefire-plugin:3.5.2:test (default-test) on project route-service: There are test failures.
[ERROR] 
[ERROR] See E:\backend\backend\target\surefire-reports for the individual test results.
[ERROR] See dump files (if any exist) [date].dump, [date]-jvmRun[N].dump and [date].dumpstream.
[ERROR] -> [Help 1]
[ERROR] 
[ERROR] To see the full stack trace of the errors, re-run Maven with the -e switch.
[ERROR] Re-run Maven using the -X switch to enable full debug logging.
[ERROR] 
[ERROR] For more information about the errors and possible solutions, please read the following articles:
[ERROR] [Help 1] http://cwiki.apache.org/confluence/display/MAVEN/MojoFailureException
