[INFO] Scanning for projects...
[INFO] 
[INFO] -----------------< com.yowyob.delivery:route-service >------------------
[INFO] Building Logistics Routing API 0.0.1-SNAPSHOT
[INFO]   from pom.xml
[INFO] --------------------------------[ jar ]---------------------------------
[INFO] 
[INFO] --- resources:3.3.1:resources (default-resources) @ route-service ---
[INFO] Copying 1 resource from src\main\resources to target\classes
[INFO] Copying 6 resources from src\main\resources to target\classes
[INFO] 
[INFO] --- compiler:3.11.0:compile (default-compile) @ route-service ---
[INFO] Nothing to compile - all classes are up to date
[INFO] 
[INFO] --- resources:3.3.1:testResources (default-testResources) @ route-service ---
[INFO] skip non existing resourceDirectory E:\backend\backend\src\test\resources
[INFO] 
[INFO] --- compiler:3.11.0:testCompile (default-testCompile) @ route-service ---
[INFO] Changes detected - recompiling the module! :source
[INFO] Compiling 11 source files with javac [debug release 17] to target\test-classes
[WARNING] /E:/backend/backend/src/test/java/com/yowyob/delivery/route/controller/DeliveryControllerTest.java:[25,6] org.springframework.boot.test.mock.mockito.MockBean in org.springframework.boot.test.mock.mockito has been deprecated and marked for removal
[WARNING] /E:/backend/backend/src/test/java/com/yowyob/delivery/route/controller/DeliveryControllerTest.java:[25,6] org.springframework.boot.test.mock.mockito.MockBean in org.springframework.boot.test.mock.mockito has been deprecated and marked for removal
[WARNING] /E:/backend/backend/src/test/java/com/yowyob/delivery/route/controller/DeliveryControllerTest.java:[25,6] org.springframework.boot.test.mock.mockito.MockBean in org.springframework.boot.test.mock.mockito has been deprecated and marked for removal
[WARNING] /E:/backend/backend/src/test/java/com/yowyob/delivery/route/controller/DeliveryControllerTest.java:[25,6] org.springframework.boot.test.mock.mockito.MockBean in org.springframework.boot.test.mock.mockito has been deprecated and marked for removal
[WARNING] /E:/backend/backend/src/test/java/com/yowyob/delivery/route/controller/DeliveryControllerTest.java:[25,6] org.springframework.boot.test.mock.mockito.MockBean in org.springframework.boot.test.mock.mockito has been deprecated and marked for removal
[WARNING] /E:/backend/backend/src/test/java/com/yowyob/delivery/route/controller/ParcelControllerTest.java:[26,6] org.springframework.boot.test.mock.mockito.MockBean in org.springframework.boot.test.mock.mockito has been deprecated and marked for removal
[WARNING] /E:/backend/backend/src/test/java/com/yowyob/delivery/route/controller/ParcelControllerTest.java:[26,6] org.springframework.boot.test.mock.mockito.MockBean in org.springframework.boot.test.mock.mockito has been deprecated and marked for removal
[WARNING] /E:/backend/backend/src/test/java/com/yowyob/delivery/route/controller/ParcelControllerTest.java:[26,6] org.springframework.boot.test.mock.mockito.MockBean in org.springframework.boot.test.mock.mockito has been deprecated and marked for removal
[WARNING] /E:/backend/backend/src/test/java/com/yowyob/delivery/route/controller/ParcelControllerTest.java:[26,6] org.springframework.boot.test.mock.mockito.MockBean in org.springframework.boot.test.mock.mockito has been deprecated and marked for removal
[WARNING] /E:/backend/backend/src/test/java/com/yowyob/delivery/route/controller/ParcelControllerTest.java:[26,6] org.springframework.boot.test.mock.mockito.MockBean in org.springframework.boot.test.mock.mockito has been deprecated and marked for removal
[WARNING] /E:/backend/backend/src/test/java/com/yowyob/delivery/route/controller/RouteControllerTest.java:[26,6] org.springframework.boot.test.mock.mockito.MockBean in org.springframework.boot.test.mock.mockito has been deprecated and marked for removal
[WARNING] /E:/backend/backend/src/test/java/com/yowyob/delivery/route/controller/RouteControllerTest.java:[26,6] org.springframework.boot.test.mock.mockito.MockBean in org.springframework.boot.test.mock.mockito has been deprecated and marked for removal
[WARNING] /E:/backend/backend/src/test/java/com/yowyob/delivery/route/controller/RouteControllerTest.java:[26,6] org.springframework.boot.test.mock.mockito.MockBean in org.springframework.boot.test.mock.mockito has been deprecated and marked for removal
[WARNING] /E:/backend/backend/src/test/java/com/yowyob/delivery/route/controller/RouteControllerTest.java:[26,6] org.springframework.boot.test.mock.mockito.MockBean in org.springframework.boot.test.mock.mockito has been deprecated and marked for removal
[WARNING] /E:/backend/backend/src/test/java/com/yowyob/delivery/route/controller/RouteControllerTest.java:[26,6] org.springframework.boot.test.mock.mockito.MockBean in org.springframework.boot.test.mock.mockito has been deprecated and marked for removal
[WARNING] /E:/backend/backend/src/test/java/com/yowyob/delivery/route/controller/HubControllerTest.java:[26,6] org.springframework.boot.test.mock.mockito.MockBean in org.springframework.boot.test.mock.mockito has been deprecated and marked for removal
[WARNING] /E:/backend/backend/src/test/java/com/yowyob/delivery/route/controller/HubControllerTest.java:[26,6] org.springframework.boot.test.mock.mockito.MockBean in org.springframework.boot.test.mock.mockito has been deprecated and marked for removal
[WARNING] /E:/backend/backend/src/test/java/com/yowyob/delivery/route/controller/HubControllerTest.java:[26,6] org.springframework.boot.test.mock.mockito.MockBean in org.springframework.boot.test.mock.mockito has been deprecated and marked for removal
[WARNING] /E:/backend/backend/src/test/java/com/yowyob/delivery/route/controller/HubControllerTest.java:[26,6] org.springframework.boot.test.mock.mockito.MockBean in org.springframework.boot.test.mock.mockito has been deprecated and marked for removal
[WARNING] /E:/backend/backend/src/test/java/com/yowyob/delivery/route/controller/HubControllerTest.java:[26,6] org.springframework.boot.test.mock.mockito.MockBean in org.springframework.boot.test.mock.mockito has been deprecated and marked for removal
[INFO] 
[INFO] --- surefire:3.5.2:test (default-test) @ route-service ---
[INFO] Using auto detected provider org.apache.maven.surefire.junitplatform.JUnitPlatformProvider
[INFO] 
[INFO] -------------------------------------------------------
[INFO]  T E S T S
[INFO] -------------------------------------------------------
[INFO] Running com.yowyob.delivery.route.controller.DeliveryControllerTest
09:41:09.342 [main] INFO org.springframework.test.context.support.AnnotationConfigContextLoaderUtils -- Could not detect default configuration classes for test class [com.yowyob.delivery.route.controller.DeliveryControllerTest]: DeliveryControllerTest does not declare any static, non-private, non-final, nested classes annotated with @Configuration.
09:41:09.635 [main] INFO org.springframework.boot.test.context.SpringBootTestContextBootstrapper -- Found @SpringBootConfiguration com.yowyob.delivery.route.RouteApplication for test class com.yowyob.delivery.route.controller.DeliveryControllerTest

  .   ____          _            __ _ _
 /\\ / ___'_ __ _ _(_)_ __  __ _ \ \ \ \
( ( )\___ | '_ | '_| | '_ \/ _` | \ \ \ \
 \\/  ___)| |_)| | | | | || (_| |  ) ) ) )
  '  |____| .__|_| |_|_| |_\__, | / / / /
 =========|_|==============|___/=/_/_/_/

 :: Spring Boot ::                (v3.4.0)

2025-12-23T09:41:10.358+01:00  INFO 32976 --- [route-service] [           main] c.y.d.r.c.DeliveryControllerTest         : Starting DeliveryControllerTest using Java 21 with PID 32976 (started by HP PROBOOK in E:\backend\backend)
2025-12-23T09:41:10.361+01:00  INFO 32976 --- [route-service] [           main] c.y.d.r.c.DeliveryControllerTest         : No active profile set, falling back to 1 default profile: "default"
2025-12-23T09:41:14.921+01:00  INFO 32976 --- [route-service] [           main] c.y.d.r.c.DeliveryControllerTest         : Started DeliveryControllerTest in 5.182 seconds (process running for 6.82)
[INFO] Tests run: 3, Failures: 0, Errors: 0, Skipped: 0, Time elapsed: 6.747 s -- in com.yowyob.delivery.route.controller.DeliveryControllerTest
[INFO] Running com.yowyob.delivery.route.controller.HubControllerTest
2025-12-23T09:41:15.864+01:00  INFO 32976 --- [route-service] [           main] t.c.s.AnnotationConfigContextLoaderUtils : Could not detect default configuration classes for test class [com.yowyob.delivery.route.controller.HubControllerTest]: HubControllerTest does not declare any static, non-private, non-final, nested classes annotated with @Configuration.
2025-12-23T09:41:15.968+01:00  INFO 32976 --- [route-service] [           main] .b.t.c.SpringBootTestContextBootstrapper : Found @SpringBootConfiguration com.yowyob.delivery.route.RouteApplication for test class com.yowyob.delivery.route.controller.HubControllerTest

  .   ____          _            __ _ _
 /\\ / ___'_ __ _ _(_)_ __  __ _ \ \ \ \
( ( )\___ | '_ | '_| | '_ \/ _` | \ \ \ \
 \\/  ___)| |_)| | | | | || (_| |  ) ) ) )
  '  |____| .__|_| |_|_| |_\__, | / / / /
 =========|_|==============|___/=/_/_/_/

 :: Spring Boot ::                (v3.4.0)

2025-12-23T09:41:16.051+01:00  INFO 32976 --- [route-service] [           main] c.y.d.r.controller.HubControllerTest     : Starting HubControllerTest using Java 21 with PID 32976 (started by HP PROBOOK in E:\backend\backend)
2025-12-23T09:41:16.052+01:00  INFO 32976 --- [route-service] [           main] c.y.d.r.controller.HubControllerTest     : No active profile set, falling back to 1 default profile: "default"
2025-12-23T09:41:16.732+01:00  INFO 32976 --- [route-service] [           main] c.y.d.r.controller.HubControllerTest     : Started HubControllerTest in 0.755 seconds (process running for 8.632)
[INFO] Tests run: 3, Failures: 0, Errors: 0, Skipped: 0, Time elapsed: 1.034 s -- in com.yowyob.delivery.route.controller.HubControllerTest
[INFO] Running com.yowyob.delivery.route.controller.ParcelControllerTest
2025-12-23T09:41:16.901+01:00  INFO 32976 --- [route-service] [           main] t.c.s.AnnotationConfigContextLoaderUtils : Could not detect default configuration classes for test class [com.yowyob.delivery.route.controller.ParcelControllerTest]: ParcelControllerTest does not declare any static, non-private, non-final, nested classes annotated with @Configuration.
2025-12-23T09:41:16.945+01:00  INFO 32976 --- [route-service] [           main] .b.t.c.SpringBootTestContextBootstrapper : Found @SpringBootConfiguration com.yowyob.delivery.route.RouteApplication for test class com.yowyob.delivery.route.controller.ParcelControllerTest

  .   ____          _            __ _ _
 /\\ / ___'_ __ _ _(_)_ __  __ _ \ \ \ \
( ( )\___ | '_ | '_| | '_ \/ _` | \ \ \ \
 \\/  ___)| |_)| | | | | || (_| |  ) ) ) )
  '  |____| .__|_| |_|_| |_\__, | / / / /
 =========|_|==============|___/=/_/_/_/

 :: Spring Boot ::                (v3.4.0)

2025-12-23T09:41:17.024+01:00  INFO 32976 --- [route-service] [           main] c.y.d.r.controller.ParcelControllerTest  : Starting ParcelControllerTest using Java 21 with PID 32976 (started by HP PROBOOK in E:\backend\backend)
2025-12-23T09:41:17.024+01:00  INFO 32976 --- [route-service] [           main] c.y.d.r.controller.ParcelControllerTest  : No active profile set, falling back to 1 default profile: "default"
2025-12-23T09:41:17.611+01:00  INFO 32976 --- [route-service] [           main] c.y.d.r.controller.ParcelControllerTest  : Started ParcelControllerTest in 0.66 seconds (process running for 9.511)
[INFO] Tests run: 3, Failures: 0, Errors: 0, Skipped: 0, Time elapsed: 0.814 s -- in com.yowyob.delivery.route.controller.ParcelControllerTest
[INFO] Running com.yowyob.delivery.route.controller.RouteControllerTest
2025-12-23T09:41:17.732+01:00  INFO 32976 --- [route-service] [           main] t.c.s.AnnotationConfigContextLoaderUtils : Could not detect default configuration classes for test class [com.yowyob.delivery.route.controller.RouteControllerTest]: RouteControllerTest does not declare any static, non-private, non-final, nested classes annotated with @Configuration.
2025-12-23T09:41:17.767+01:00  INFO 32976 --- [route-service] [           main] .b.t.c.SpringBootTestContextBootstrapper : Found @SpringBootConfiguration com.yowyob.delivery.route.RouteApplication for test class com.yowyob.delivery.route.controller.RouteControllerTest

  .   ____          _            __ _ _
 /\\ / ___'_ __ _ _(_)_ __  __ _ \ \ \ \
( ( )\___ | '_ | '_| | '_ \/ _` | \ \ \ \
 \\/  ___)| |_)| | | | | || (_| |  ) ) ) )
  '  |____| .__|_| |_|_| |_\__, | / / / /
 =========|_|==============|___/=/_/_/_/

 :: Spring Boot ::                (v3.4.0)

2025-12-23T09:41:17.827+01:00  INFO 32976 --- [route-service] [           main] c.y.d.r.controller.RouteControllerTest   : Starting RouteControllerTest using Java 21 with PID 32976 (started by HP PROBOOK in E:\backend\backend)
2025-12-23T09:41:17.827+01:00  INFO 32976 --- [route-service] [           main] c.y.d.r.controller.RouteControllerTest   : No active profile set, falling back to 1 default profile: "default"
2025-12-23T09:41:18.204+01:00  INFO 32976 --- [route-service] [           main] c.y.d.r.controller.RouteControllerTest   : Started RouteControllerTest in 0.428 seconds (process running for 10.104)
[INFO] Tests run: 3, Failures: 0, Errors: 0, Skipped: 0, Time elapsed: 0.576 s -- in com.yowyob.delivery.route.controller.RouteControllerTest
[INFO] Running com.yowyob.delivery.route.mapper.HubMapperTest
[INFO] Tests run: 6, Failures: 0, Errors: 0, Skipped: 0, Time elapsed: 0.085 s -- in com.yowyob.delivery.route.mapper.HubMapperTest
[INFO] Running com.yowyob.delivery.route.mapper.ParcelMapperTest
[ERROR] Tests run: 2, Failures: 0, Errors: 1, Skipped: 0, Time elapsed: 0.247 s <<< FAILURE! -- in com.yowyob.delivery.route.mapper.ParcelMapperTest
[ERROR] com.yowyob.delivery.route.mapper.ParcelMapperTest.shouldMapParcelToResponseDTO -- Time elapsed: 0.045 s <<< ERROR!
java.lang.NullPointerException: Cannot invoke "com.yowyob.delivery.route.domain.enums.ParcelPriority.name()" because the return value of "com.yowyob.delivery.route.domain.entity.Parcel.getPriority()" is null
	at com.yowyob.delivery.route.mapper.ParcelMapperImpl.toResponseDTO(ParcelMapperImpl.java:41)
	at com.yowyob.delivery.route.mapper.ParcelMapperTest.shouldMapParcelToResponseDTO(ParcelMapperTest.java:53)
	at java.base/java.lang.reflect.Method.invoke(Method.java:580)
	at java.base/java.util.ArrayList.forEach(ArrayList.java:1596)
	at java.base/java.util.ArrayList.forEach(ArrayList.java:1596)

[INFO] Running com.yowyob.delivery.route.mapper.RouteMapperTest
[INFO] Tests run: 1, Failures: 0, Errors: 0, Skipped: 0, Time elapsed: 0.118 s -- in com.yowyob.delivery.route.mapper.RouteMapperTest
[INFO] Running com.yowyob.delivery.route.service.impl.DijkstraRoutingStrategyTest
[INFO] Tests run: 1, Failures: 0, Errors: 0, Skipped: 0, Time elapsed: 0.403 s -- in com.yowyob.delivery.route.service.impl.DijkstraRoutingStrategyTest
[INFO] Running com.yowyob.delivery.route.service.impl.HubServiceImplTest
2025-12-23T09:41:19.287+01:00  INFO 32976 --- [route-service] [           main] c.y.d.route.service.impl.HubServiceImpl  : Creating hub: Test Address
2025-12-23T09:41:19.296+01:00  INFO 32976 --- [route-service] [           main] c.y.d.route.service.impl.HubServiceImpl  : Hub created with ID: 3cacd9ef-03ce-4171-bd3e-b94ae98d6553
2025-12-23T09:41:19.296+01:00  WARN 32976 --- [route-service] [           main] c.y.d.route.service.impl.HubServiceImpl  : Empty WKT string, returning default coordinates
[ERROR] Tests run: 3, Failures: 1, Errors: 0, Skipped: 0, Time elapsed: 0.085 s <<< FAILURE! -- in com.yowyob.delivery.route.service.impl.HubServiceImplTest
[ERROR] com.yowyob.delivery.route.service.impl.HubServiceImplTest.shouldCreateHub -- Time elapsed: 0.031 s <<< FAILURE!
java.lang.AssertionError: expectation "expectNextMatches" failed (expected: onNext(); actual: onError(java.lang.NullPointerException: Cannot invoke "com.yowyob.delivery.route.domain.enums.HubType.name()" because the return value of "com.yowyob.delivery.route.domain.entity.Hub.getType()" is null))
	at reactor.test.MessageFormatter.assertionError(MessageFormatter.java:115)
	at reactor.test.MessageFormatter.failPrefix(MessageFormatter.java:104)
	at reactor.test.MessageFormatter.fail(MessageFormatter.java:73)
	at reactor.test.MessageFormatter.failOptional(MessageFormatter.java:88)
	at reactor.test.DefaultStepVerifierBuilder.lambda$expectNextMatches$11(DefaultStepVerifierBuilder.java:556)
	at reactor.test.DefaultStepVerifierBuilder$SignalEvent.test(DefaultStepVerifierBuilder.java:2289)
	at reactor.test.DefaultStepVerifierBuilder$DefaultVerifySubscriber.onSignal(DefaultStepVerifierBuilder.java:1529)
	at reactor.test.DefaultStepVerifierBuilder$DefaultVerifySubscriber.onExpectation(DefaultStepVerifierBuilder.java:1477)
	at reactor.test.DefaultStepVerifierBuilder$DefaultVerifySubscriber.onError(DefaultStepVerifierBuilder.java:1129)
	at reactor.core.publisher.FluxMapFuseable$MapFuseableSubscriber.onError(FluxMapFuseable.java:142)
	at reactor.core.publisher.FluxMapFuseable$MapFuseableSubscriber.onNext(FluxMapFuseable.java:121)
	at reactor.core.publisher.MonoPeekTerminal$MonoTerminalPeekSubscriber.onNext(MonoPeekTerminal.java:180)
	at reactor.core.publisher.Operators$ScalarSubscription.request(Operators.java:2571)
	at reactor.core.publisher.MonoPeekTerminal$MonoTerminalPeekSubscriber.request(MonoPeekTerminal.java:139)
	at reactor.core.publisher.FluxMapFuseable$MapFuseableSubscriber.request(FluxMapFuseable.java:171)
	at reactor.test.DefaultStepVerifierBuilder$DefaultVerifySubscriber.onSubscribe(DefaultStepVerifierBuilder.java:1161)
	at reactor.core.publisher.FluxMapFuseable$MapFuseableSubscriber.onSubscribe(FluxMapFuseable.java:96)
	at reactor.core.publisher.MonoPeekTerminal$MonoTerminalPeekSubscriber.onSubscribe(MonoPeekTerminal.java:152)
	at reactor.core.publisher.MonoJust.subscribe(MonoJust.java:55)
	at reactor.core.publisher.Mono.subscribe(Mono.java:4576)
	at reactor.test.DefaultStepVerifierBuilder$DefaultStepVerifier.toVerifierAndSubscribe(DefaultStepVerifierBuilder.java:891)
	at reactor.test.DefaultStepVerifierBuilder$DefaultStepVerifier.verify(DefaultStepVerifierBuilder.java:831)
	at reactor.test.DefaultStepVerifierBuilder$DefaultStepVerifier.verify(DefaultStepVerifierBuilder.java:823)
	at reactor.test.DefaultStepVerifierBuilder.verifyComplete(DefaultStepVerifierBuilder.java:690)
	at com.yowyob.delivery.route.service.impl.HubServiceImplTest.shouldCreateHub(HubServiceImplTest.java:58)
	at java.base/java.lang.reflect.Method.invoke(Method.java:580)
	at java.base/java.util.ArrayList.forEach(ArrayList.java:1596)
	at java.base/java.util.ArrayList.forEach(ArrayList.java:1596)
	Suppressed: java.lang.NullPointerException: Cannot invoke "com.yowyob.delivery.route.domain.enums.HubType.name()" because the return value of "com.yowyob.delivery.route.domain.entity.Hub.getType()" is null
		at com.yowyob.delivery.route.service.impl.HubServiceImpl.toResponseDTO(HubServiceImpl.java:84)
		at reactor.core.publisher.FluxMapFuseable$MapFuseableSubscriber.onNext(FluxMapFuseable.java:113)
		... 17 more

[INFO] Running com.yowyob.delivery.route.service.impl.ParcelServiceImplTest
[INFO] Tests run: 3, Failures: 0, Errors: 0, Skipped: 0, Time elapsed: 0.330 s -- in com.yowyob.delivery.route.service.impl.ParcelServiceImplTest
[INFO] Running com.yowyob.delivery.route.service.impl.RouteServiceImplTest
[INFO] Tests run: 3, Failures: 0, Errors: 0, Skipped: 0, Time elapsed: 0.333 s -- in com.yowyob.delivery.route.service.impl.RouteServiceImplTest
[INFO] 
[INFO] Results:
[INFO] 
[ERROR] Failures: 
[ERROR]   HubServiceImplTest.shouldCreateHub:58 expectation "expectNextMatches" failed (expected: onNext(); actual: onError(java.lang.NullPointerException: Cannot invoke "com.yowyob.delivery.route.domain.enums.HubType.name()" because the return value of "com.yowyob.delivery.route.domain.entity.Hub.getType()" is null))
[ERROR] Errors: 
[ERROR]   ParcelMapperTest.shouldMapParcelToResponseDTO:53 ╗ NullPointer Cannot invoke "com.yowyob.delivery.route.domain.enums.ParcelPriority.name()" because the return value of "com.yowyob.delivery.route.domain.entity.Parcel.getPriority()" is null
[INFO] 
[ERROR] Tests run: 31, Failures: 1, Errors: 1, Skipped: 0
[INFO] 
[INFO] ------------------------------------------------------------------------
[INFO] BUILD FAILURE
[INFO] ------------------------------------------------------------------------
[INFO] Total time:  21.149 s
[INFO] Finished at: 2025-12-23T09:41:20+01:00
[INFO] ------------------------------------------------------------------------
[ERROR] Failed to execute goal org.apache.maven.plugins:maven-surefire-plugin:3.5.2:test (default-test) on project route-service: There are test failures.
[ERROR] 
[ERROR] See E:\backend\backend\target\surefire-reports for the individual test results.
[ERROR] See dump files (if any exist) [date].dump, [date]-jvmRun[N].dump and [date].dumpstream.
[ERROR] -> [Help 1]
[ERROR] 
[ERROR] To see the full stack trace of the errors, re-run Maven with the -e switch.
[ERROR] Re-run Maven using the -X switch to enable full debug logging.
[ERROR] 
[ERROR] For more information about the errors and possible solutions, please read the following articles:
[ERROR] [Help 1] http://cwiki.apache.org/confluence/display/MAVEN/MojoFailureException
