[INFO] Scanning for projects...
[INFO] 
[INFO] -----------------< com.yowyob.delivery:route-service >------------------
[INFO] Building Logistics Routing API 0.0.1-SNAPSHOT
[INFO]   from pom.xml
[INFO] --------------------------------[ jar ]---------------------------------
[INFO] 
[INFO] --- resources:3.3.1:resources (default-resources) @ route-service ---
[INFO] Copying 1 resource from src\main\resources to target\classes
[INFO] Copying 6 resources from src\main\resources to target\classes
[INFO] 
[INFO] --- compiler:3.11.0:compile (default-compile) @ route-service ---
[INFO] Nothing to compile - all classes are up to date
[INFO] 
[INFO] --- resources:3.3.1:testResources (default-testResources) @ route-service ---
[INFO] skip non existing resourceDirectory E:\backend\backend\src\test\resources
[INFO] 
[INFO] --- compiler:3.11.0:testCompile (default-testCompile) @ route-service ---
[INFO] Changes detected - recompiling the module! :source
[INFO] Compiling 12 source files with javac [debug release 17] to target\test-classes
[WARNING] /E:/backend/backend/src/test/java/com/yowyob/delivery/route/controller/DeliveryControllerTest.java:[25,6] org.springframework.boot.test.mock.mockito.MockBean in org.springframework.boot.test.mock.mockito has been deprecated and marked for removal
[WARNING] /E:/backend/backend/src/test/java/com/yowyob/delivery/route/controller/DeliveryControllerTest.java:[25,6] org.springframework.boot.test.mock.mockito.MockBean in org.springframework.boot.test.mock.mockito has been deprecated and marked for removal
[WARNING] /E:/backend/backend/src/test/java/com/yowyob/delivery/route/controller/DeliveryControllerTest.java:[25,6] org.springframework.boot.test.mock.mockito.MockBean in org.springframework.boot.test.mock.mockito has been deprecated and marked for removal
[WARNING] /E:/backend/backend/src/test/java/com/yowyob/delivery/route/controller/DeliveryControllerTest.java:[25,6] org.springframework.boot.test.mock.mockito.MockBean in org.springframework.boot.test.mock.mockito has been deprecated and marked for removal
[WARNING] /E:/backend/backend/src/test/java/com/yowyob/delivery/route/controller/DeliveryControllerTest.java:[25,6] org.springframework.boot.test.mock.mockito.MockBean in org.springframework.boot.test.mock.mockito has been deprecated and marked for removal
[WARNING] /E:/backend/backend/src/test/java/com/yowyob/delivery/route/controller/ParcelControllerTest.java:[26,6] org.springframework.boot.test.mock.mockito.MockBean in org.springframework.boot.test.mock.mockito has been deprecated and marked for removal
[WARNING] /E:/backend/backend/src/test/java/com/yowyob/delivery/route/controller/ParcelControllerTest.java:[26,6] org.springframework.boot.test.mock.mockito.MockBean in org.springframework.boot.test.mock.mockito has been deprecated and marked for removal
[WARNING] /E:/backend/backend/src/test/java/com/yowyob/delivery/route/controller/ParcelControllerTest.java:[26,6] org.springframework.boot.test.mock.mockito.MockBean in org.springframework.boot.test.mock.mockito has been deprecated and marked for removal
[WARNING] /E:/backend/backend/src/test/java/com/yowyob/delivery/route/controller/ParcelControllerTest.java:[26,6] org.springframework.boot.test.mock.mockito.MockBean in org.springframework.boot.test.mock.mockito has been deprecated and marked for removal
[WARNING] /E:/backend/backend/src/test/java/com/yowyob/delivery/route/controller/ParcelControllerTest.java:[26,6] org.springframework.boot.test.mock.mockito.MockBean in org.springframework.boot.test.mock.mockito has been deprecated and marked for removal
[WARNING] /E:/backend/backend/src/test/java/com/yowyob/delivery/route/controller/RouteControllerTest.java:[26,6] org.springframework.boot.test.mock.mockito.MockBean in org.springframework.boot.test.mock.mockito has been deprecated and marked for removal
[WARNING] /E:/backend/backend/src/test/java/com/yowyob/delivery/route/controller/RouteControllerTest.java:[26,6] org.springframework.boot.test.mock.mockito.MockBean in org.springframework.boot.test.mock.mockito has been deprecated and marked for removal
[WARNING] /E:/backend/backend/src/test/java/com/yowyob/delivery/route/controller/RouteControllerTest.java:[26,6] org.springframework.boot.test.mock.mockito.MockBean in org.springframework.boot.test.mock.mockito has been deprecated and marked for removal
[WARNING] /E:/backend/backend/src/test/java/com/yowyob/delivery/route/controller/RouteControllerTest.java:[26,6] org.springframework.boot.test.mock.mockito.MockBean in org.springframework.boot.test.mock.mockito has been deprecated and marked for removal
[WARNING] /E:/backend/backend/src/test/java/com/yowyob/delivery/route/controller/RouteControllerTest.java:[26,6] org.springframework.boot.test.mock.mockito.MockBean in org.springframework.boot.test.mock.mockito has been deprecated and marked for removal
[WARNING] /E:/backend/backend/src/test/java/com/yowyob/delivery/route/controller/HubControllerTest.java:[26,6] org.springframework.boot.test.mock.mockito.MockBean in org.springframework.boot.test.mock.mockito has been deprecated and marked for removal
[WARNING] /E:/backend/backend/src/test/java/com/yowyob/delivery/route/controller/HubControllerTest.java:[26,6] org.springframework.boot.test.mock.mockito.MockBean in org.springframework.boot.test.mock.mockito has been deprecated and marked for removal
[WARNING] /E:/backend/backend/src/test/java/com/yowyob/delivery/route/controller/HubControllerTest.java:[26,6] org.springframework.boot.test.mock.mockito.MockBean in org.springframework.boot.test.mock.mockito has been deprecated and marked for removal
[WARNING] /E:/backend/backend/src/test/java/com/yowyob/delivery/route/controller/HubControllerTest.java:[26,6] org.springframework.boot.test.mock.mockito.MockBean in org.springframework.boot.test.mock.mockito has been deprecated and marked for removal
[WARNING] /E:/backend/backend/src/test/java/com/yowyob/delivery/route/controller/HubControllerTest.java:[26,6] org.springframework.boot.test.mock.mockito.MockBean in org.springframework.boot.test.mock.mockito has been deprecated and marked for removal
[INFO] 
[INFO] --- surefire:3.5.2:test (default-test) @ route-service ---
[INFO] Using auto detected provider org.apache.maven.surefire.junitplatform.JUnitPlatformProvider
[INFO] 
[INFO] -------------------------------------------------------
[INFO]  T E S T S
[INFO] -------------------------------------------------------
[INFO] Running com.pickndrop.backend.PicknDropBackendApplicationTests
09:19:03.461 [main] INFO org.springframework.test.context.support.AnnotationConfigContextLoaderUtils -- Could not detect default configuration classes for test class [com.pickndrop.backend.PicknDropBackendApplicationTests]: PicknDropBackendApplicationTests does not declare any static, non-private, non-final, nested classes annotated with @Configuration.
[ERROR] Tests run: 1, Failures: 0, Errors: 1, Skipped: 0, Time elapsed: 0.526 s <<< FAILURE! -- in com.pickndrop.backend.PicknDropBackendApplicationTests
[ERROR] com.pickndrop.backend.PicknDropBackendApplicationTests -- Time elapsed: 0.526 s <<< ERROR!
java.lang.IllegalStateException: Unable to find a @SpringBootConfiguration, you need to use @ContextConfiguration or @SpringBootTest(classes=...) with your test
	at org.springframework.util.Assert.state(Assert.java:79)
	at org.springframework.boot.test.context.SpringBootTestContextBootstrapper.findConfigurationClass(SpringBootTestContextBootstrapper.java:246)
	at org.springframework.boot.test.context.SpringBootTestContextBootstrapper.getOrFindConfigurationClasses(SpringBootTestContextBootstrapper.java:233)
	at org.springframework.boot.test.context.SpringBootTestContextBootstrapper.processMergedContextConfiguration(SpringBootTestContextBootstrapper.java:150)
	at org.springframework.test.context.support.AbstractTestContextBootstrapper.buildMergedContextConfiguration(AbstractTestContextBootstrapper.java:351)
	at org.springframework.test.context.support.AbstractTestContextBootstrapper.buildDefaultMergedContextConfiguration(AbstractTestContextBootstrapper.java:267)
	at org.springframework.test.context.support.AbstractTestContextBootstrapper.buildMergedContextConfiguration(AbstractTestContextBootstrapper.java:215)
	at org.springframework.test.context.support.AbstractTestContextBootstrapper.buildTestContext(AbstractTestContextBootstrapper.java:108)
	at org.springframework.boot.test.context.SpringBootTestContextBootstrapper.buildTestContext(SpringBootTestContextBootstrapper.java:111)
	at org.springframework.test.context.TestContextManager.<init>(TestContextManager.java:142)
	at org.springframework.test.context.TestContextManager.<init>(TestContextManager.java:126)
	at org.springframework.test.context.junit.jupiter.SpringExtension.getTestContextManager(SpringExtension.java:363)
	at org.springframework.test.context.junit.jupiter.SpringExtension.beforeAll(SpringExtension.java:128)
	at java.base/java.util.ArrayList.forEach(ArrayList.java:1596)

[INFO] Running com.yowyob.delivery.route.controller.DeliveryControllerTest
09:19:03.733 [main] INFO org.springframework.test.context.support.AnnotationConfigContextLoaderUtils -- Could not detect default configuration classes for test class [com.yowyob.delivery.route.controller.DeliveryControllerTest]: DeliveryControllerTest does not declare any static, non-private, non-final, nested classes annotated with @Configuration.
09:19:03.917 [main] INFO org.springframework.boot.test.context.SpringBootTestContextBootstrapper -- Found @SpringBootConfiguration com.yowyob.delivery.route.RouteApplication for test class com.yowyob.delivery.route.controller.DeliveryControllerTest

  .   ____          _            __ _ _
 /\\ / ___'_ __ _ _(_)_ __  __ _ \ \ \ \
( ( )\___ | '_ | '_| | '_ \/ _` | \ \ \ \
 \\/  ___)| |_)| | | | | || (_| |  ) ) ) )
  '  |____| .__|_| |_|_| |_\__, | / / / /
 =========|_|==============|___/=/_/_/_/

 :: Spring Boot ::                (v3.4.0)

2025-12-23T09:19:04.714+01:00  INFO 34708 --- [route-service] [           main] c.y.d.r.c.DeliveryControllerTest         : Starting DeliveryControllerTest using Java 21 with PID 34708 (started by HP PROBOOK in E:\backend\backend)
2025-12-23T09:19:04.717+01:00  INFO 34708 --- [route-service] [           main] c.y.d.r.c.DeliveryControllerTest         : No active profile set, falling back to 1 default profile: "default"
2025-12-23T09:19:08.791+01:00  INFO 34708 --- [route-service] [           main] c.y.d.r.c.DeliveryControllerTest         : Started DeliveryControllerTest in 4.764 seconds (process running for 6.843)
[INFO] Tests run: 3, Failures: 0, Errors: 0, Skipped: 0, Time elapsed: 6.054 s -- in com.yowyob.delivery.route.controller.DeliveryControllerTest
[INFO] Running com.yowyob.delivery.route.controller.HubControllerTest
2025-12-23T09:19:09.782+01:00  INFO 34708 --- [route-service] [           main] t.c.s.AnnotationConfigContextLoaderUtils : Could not detect default configuration classes for test class [com.yowyob.delivery.route.controller.HubControllerTest]: HubControllerTest does not declare any static, non-private, non-final, nested classes annotated with @Configuration.
2025-12-23T09:19:09.833+01:00  INFO 34708 --- [route-service] [           main] .b.t.c.SpringBootTestContextBootstrapper : Found @SpringBootConfiguration com.yowyob.delivery.route.RouteApplication for test class com.yowyob.delivery.route.controller.HubControllerTest

  .   ____          _            __ _ _
 /\\ / ___'_ __ _ _(_)_ __  __ _ \ \ \ \
( ( )\___ | '_ | '_| | '_ \/ _` | \ \ \ \
 \\/  ___)| |_)| | | | | || (_| |  ) ) ) )
  '  |____| .__|_| |_|_| |_\__, | / / / /
 =========|_|==============|___/=/_/_/_/

 :: Spring Boot ::                (v3.4.0)

2025-12-23T09:19:09.935+01:00  INFO 34708 --- [route-service] [           main] c.y.d.r.controller.HubControllerTest     : Starting HubControllerTest using Java 21 with PID 34708 (started by HP PROBOOK in E:\backend\backend)
2025-12-23T09:19:09.935+01:00  INFO 34708 --- [route-service] [           main] c.y.d.r.controller.HubControllerTest     : No active profile set, falling back to 1 default profile: "default"
2025-12-23T09:19:10.671+01:00  INFO 34708 --- [route-service] [           main] c.y.d.r.controller.HubControllerTest     : Started HubControllerTest in 0.826 seconds (process running for 8.724)
[INFO] Tests run: 3, Failures: 0, Errors: 0, Skipped: 0, Time elapsed: 1.024 s -- in com.yowyob.delivery.route.controller.HubControllerTest
[INFO] Running com.yowyob.delivery.route.controller.ParcelControllerTest
2025-12-23T09:19:10.812+01:00  INFO 34708 --- [route-service] [           main] t.c.s.AnnotationConfigContextLoaderUtils : Could not detect default configuration classes for test class [com.yowyob.delivery.route.controller.ParcelControllerTest]: ParcelControllerTest does not declare any static, non-private, non-final, nested classes annotated with @Configuration.
2025-12-23T09:19:10.851+01:00  INFO 34708 --- [route-service] [           main] .b.t.c.SpringBootTestContextBootstrapper : Found @SpringBootConfiguration com.yowyob.delivery.route.RouteApplication for test class com.yowyob.delivery.route.controller.ParcelControllerTest

  .   ____          _            __ _ _
 /\\ / ___'_ __ _ _(_)_ __  __ _ \ \ \ \
( ( )\___ | '_ | '_| | '_ \/ _` | \ \ \ \
 \\/  ___)| |_)| | | | | || (_| |  ) ) ) )
  '  |____| .__|_| |_|_| |_\__, | / / / /
 =========|_|==============|___/=/_/_/_/

 :: Spring Boot ::                (v3.4.0)

2025-12-23T09:19:10.908+01:00  INFO 34708 --- [route-service] [           main] c.y.d.r.controller.ParcelControllerTest  : Starting ParcelControllerTest using Java 21 with PID 34708 (started by HP PROBOOK in E:\backend\backend)
2025-12-23T09:19:10.908+01:00  INFO 34708 --- [route-service] [           main] c.y.d.r.controller.ParcelControllerTest  : No active profile set, falling back to 1 default profile: "default"
2025-12-23T09:19:11.353+01:00  INFO 34708 --- [route-service] [           main] c.y.d.r.controller.ParcelControllerTest  : Started ParcelControllerTest in 0.497 seconds (process running for 9.406)
2025-12-23T09:19:11.399+01:00 ERROR 34708 --- [route-service] [     parallel-7] c.y.d.r.c.e.GlobalExceptionHandler       : Unexpected error: 404 NOT_FOUND "No static resource api/v1/packages."

org.springframework.web.reactive.resource.NoResourceFoundException: 404 NOT_FOUND "No static resource api/v1/packages."
	at org.springframework.web.reactive.resource.ResourceWebHandler.lambda$handle$1(ResourceWebHandler.java:432) ~[spring-webflux-6.2.0.jar:6.2.0]
	at reactor.core.publisher.MonoDefer.subscribe(MonoDefer.java:45) ~[reactor-core-3.7.0.jar:3.7.0]
	at reactor.core.publisher.Mono.subscribe(Mono.java:4576) ~[reactor-core-3.7.0.jar:3.7.0]
	at reactor.core.publisher.FluxSwitchIfEmpty$SwitchIfEmptySubscriber.onComplete(FluxSwitchIfEmpty.java:82) ~[reactor-core-3.7.0.jar:3.7.0]
	at reactor.core.publisher.MonoFlatMap$FlatMapMain.onComplete(MonoFlatMap.java:189) ~[reactor-core-3.7.0.jar:3.7.0]
	at reactor.core.publisher.MonoNext$NextSubscriber.onComplete(MonoNext.java:102) ~[reactor-core-3.7.0.jar:3.7.0]
	at reactor.core.publisher.FluxConcatMapNoPrefetch$FluxConcatMapNoPrefetchSubscriber.onComplete(FluxConcatMapNoPrefetch.java:241) ~[reactor-core-3.7.0.jar:3.7.0]
	at reactor.core.publisher.FluxIterable$IterableSubscription.slowPath(FluxIterable.java:357) ~[reactor-core-3.7.0.jar:3.7.0]
	at reactor.core.publisher.FluxIterable$IterableSubscription.request(FluxIterable.java:294) ~[reactor-core-3.7.0.jar:3.7.0]
	at reactor.core.publisher.FluxConcatMapNoPrefetch$FluxConcatMapNoPrefetchSubscriber.request(FluxConcatMapNoPrefetch.java:337) ~[reactor-core-3.7.0.jar:3.7.0]
	at reactor.core.publisher.MonoNext$NextSubscriber.request(MonoNext.java:108) ~[reactor-core-3.7.0.jar:3.7.0]
	at reactor.core.publisher.MonoFlatMap$FlatMapMain.request(MonoFlatMap.java:194) ~[reactor-core-3.7.0.jar:3.7.0]
	at reactor.core.publisher.Operators$MultiSubscriptionSubscriber.set(Operators.java:2367) ~[reactor-core-3.7.0.jar:3.7.0]
	at reactor.core.publisher.Operators$MultiSubscriptionSubscriber.onSubscribe(Operators.java:2241) ~[reactor-core-3.7.0.jar:3.7.0]
	at reactor.core.publisher.MonoFlatMap$FlatMapMain.onSubscribe(MonoFlatMap.java:117) ~[reactor-core-3.7.0.jar:3.7.0]
	at reactor.core.publisher.MonoNext$NextSubscriber.onSubscribe(MonoNext.java:70) ~[reactor-core-3.7.0.jar:3.7.0]
	at reactor.core.publisher.FluxConcatMapNoPrefetch$FluxConcatMapNoPrefetchSubscriber.onSubscribe(FluxConcatMapNoPrefetch.java:164) ~[reactor-core-3.7.0.jar:3.7.0]
	at reactor.core.publisher.FluxIterable.subscribe(FluxIterable.java:201) ~[reactor-core-3.7.0.jar:3.7.0]
	at reactor.core.publisher.FluxIterable.subscribe(FluxIterable.java:83) ~[reactor-core-3.7.0.jar:3.7.0]
	at reactor.core.publisher.Mono.subscribe(Mono.java:4576) ~[reactor-core-3.7.0.jar:3.7.0]
	at reactor.core.publisher.MonoIgnoreThen$ThenIgnoreMain.subscribeNext(MonoIgnoreThen.java:265) ~[reactor-core-3.7.0.jar:3.7.0]
	at reactor.core.publisher.MonoIgnoreThen.subscribe(MonoIgnoreThen.java:51) ~[reactor-core-3.7.0.jar:3.7.0]
	at reactor.core.publisher.InternalMonoOperator.subscribe(InternalMonoOperator.java:76) ~[reactor-core-3.7.0.jar:3.7.0]
	at reactor.core.publisher.MonoFlatMap$FlatMapMain.onNext(MonoFlatMap.java:165) ~[reactor-core-3.7.0.jar:3.7.0]
	at reactor.core.publisher.FluxOnErrorResume$ResumeSubscriber.onNext(FluxOnErrorResume.java:79) ~[reactor-core-3.7.0.jar:3.7.0]
	at reactor.core.publisher.FluxSwitchIfEmpty$SwitchIfEmptySubscriber.onNext(FluxSwitchIfEmpty.java:74) ~[reactor-core-3.7.0.jar:3.7.0]
	at reactor.core.publisher.MonoNext$NextSubscriber.onNext(MonoNext.java:82) ~[reactor-core-3.7.0.jar:3.7.0]
	at reactor.core.publisher.FluxConcatMapNoPrefetch$FluxConcatMapNoPrefetchSubscriber.innerNext(FluxConcatMapNoPrefetch.java:259) ~[reactor-core-3.7.0.jar:3.7.0]
	at reactor.core.publisher.FluxConcatMap$ConcatMapInner.onNext(FluxConcatMap.java:865) ~[reactor-core-3.7.0.jar:3.7.0]
	at reactor.core.publisher.FluxMapFuseable$MapFuseableSubscriber.onNext(FluxMapFuseable.java:129) ~[reactor-core-3.7.0.jar:3.7.0]
	at reactor.core.publisher.Operators$ScalarSubscription.request(Operators.java:2571) ~[reactor-core-3.7.0.jar:3.7.0]
	at reactor.core.publisher.FluxMapFuseable$MapFuseableSubscriber.request(FluxMapFuseable.java:171) ~[reactor-core-3.7.0.jar:3.7.0]
	at reactor.core.publisher.Operators$MultiSubscriptionSubscriber.request(Operators.java:2331) ~[reactor-core-3.7.0.jar:3.7.0]
	at reactor.core.publisher.FluxConcatMapNoPrefetch$FluxConcatMapNoPrefetchSubscriber.request(FluxConcatMapNoPrefetch.java:339) ~[reactor-core-3.7.0.jar:3.7.0]
	at reactor.core.publisher.MonoNext$NextSubscriber.request(MonoNext.java:108) ~[reactor-core-3.7.0.jar:3.7.0]
	at reactor.core.publisher.Operators$MultiSubscriptionSubscriber.set(Operators.java:2367) ~[reactor-core-3.7.0.jar:3.7.0]
	at reactor.core.publisher.Operators$MultiSubscriptionSubscriber.onSubscribe(Operators.java:2241) ~[reactor-core-3.7.0.jar:3.7.0]
	at reactor.core.publisher.MonoNext$NextSubscriber.onSubscribe(MonoNext.java:70) ~[reactor-core-3.7.0.jar:3.7.0]
	at reactor.core.publisher.FluxConcatMapNoPrefetch$FluxConcatMapNoPrefetchSubscriber.onSubscribe(FluxConcatMapNoPrefetch.java:164) ~[reactor-core-3.7.0.jar:3.7.0]
	at reactor.core.publisher.FluxIterable.subscribe(FluxIterable.java:201) ~[reactor-core-3.7.0.jar:3.7.0]
	at reactor.core.publisher.FluxIterable.subscribe(FluxIterable.java:83) ~[reactor-core-3.7.0.jar:3.7.0]
	at reactor.core.publisher.InternalMonoOperator.subscribe(InternalMonoOperator.java:76) ~[reactor-core-3.7.0.jar:3.7.0]
	at reactor.core.publisher.MonoDefer.subscribe(MonoDefer.java:53) ~[reactor-core-3.7.0.jar:3.7.0]
	at reactor.core.publisher.Mono.subscribe(Mono.java:4576) ~[reactor-core-3.7.0.jar:3.7.0]
	at reactor.core.publisher.MonoIgnoreThen$ThenIgnoreMain.subscribeNext(MonoIgnoreThen.java:265) ~[reactor-core-3.7.0.jar:3.7.0]
	at reactor.core.publisher.MonoIgnoreThen.subscribe(MonoIgnoreThen.java:51) ~[reactor-core-3.7.0.jar:3.7.0]
	at reactor.core.publisher.Mono.subscribe(Mono.java:4576) ~[reactor-core-3.7.0.jar:3.7.0]
	at reactor.core.publisher.Mono.subscribeWith(Mono.java:4642) ~[reactor-core-3.7.0.jar:3.7.0]
	at reactor.core.publisher.Mono.subscribe(Mono.java:4542) ~[reactor-core-3.7.0.jar:3.7.0]
	at reactor.core.publisher.Mono.subscribe(Mono.java:4478) ~[reactor-core-3.7.0.jar:3.7.0]
	at org.springframework.test.web.reactive.server.HttpHandlerConnector.lambda$doConnect$2(HttpHandlerConnector.java:100) ~[spring-test-6.2.0.jar:6.2.0]
	at org.springframework.mock.http.client.reactive.MockClientHttpRequest.lambda$writeWith$2(MockClientHttpRequest.java:128) ~[spring-test-6.2.0.jar:6.2.0]
	at reactor.core.publisher.MonoDefer.subscribe(MonoDefer.java:45) ~[reactor-core-3.7.0.jar:3.7.0]
	at reactor.core.publisher.Mono.subscribe(Mono.java:4576) ~[reactor-core-3.7.0.jar:3.7.0]
	at reactor.core.publisher.FluxConcatIterable$ConcatIterableSubscriber.onComplete(FluxConcatIterable.java:148) ~[reactor-core-3.7.0.jar:3.7.0]
	at reactor.core.publisher.FluxConcatIterable.subscribe(FluxConcatIterable.java:60) ~[reactor-core-3.7.0.jar:3.7.0]
	at reactor.core.publisher.MonoFromFluxOperator.subscribe(MonoFromFluxOperator.java:83) ~[reactor-core-3.7.0.jar:3.7.0]
	at reactor.core.publisher.MonoFlatMap$FlatMapMain.onNext(MonoFlatMap.java:165) ~[reactor-core-3.7.0.jar:3.7.0]
	at reactor.core.publisher.FluxSwitchIfEmpty$SwitchIfEmptySubscriber.onNext(FluxSwitchIfEmpty.java:74) ~[reactor-core-3.7.0.jar:3.7.0]
	at reactor.core.publisher.Operators$MonoInnerProducerBase.complete(Operators.java:2864) ~[reactor-core-3.7.0.jar:3.7.0]
	at reactor.core.publisher.MonoSingle$SingleSubscriber.onComplete(MonoSingle.java:180) ~[reactor-core-3.7.0.jar:3.7.0]
	at reactor.core.publisher.FluxMapFuseable$MapFuseableSubscriber.onComplete(FluxMapFuseable.java:152) ~[reactor-core-3.7.0.jar:3.7.0]
	at reactor.core.publisher.Operators$ScalarSubscription.request(Operators.java:2573) ~[reactor-core-3.7.0.jar:3.7.0]
	at reactor.core.publisher.FluxMapFuseable$MapFuseableSubscriber.request(FluxMapFuseable.java:171) ~[reactor-core-3.7.0.jar:3.7.0]
	at reactor.core.publisher.MonoSingle$SingleSubscriber.doOnRequest(MonoSingle.java:103) ~[reactor-core-3.7.0.jar:3.7.0]
	at reactor.core.publisher.Operators$MonoInnerProducerBase.request(Operators.java:2931) ~[reactor-core-3.7.0.jar:3.7.0]
	at reactor.core.publisher.Operators$MultiSubscriptionSubscriber.set(Operators.java:2367) ~[reactor-core-3.7.0.jar:3.7.0]
	at reactor.core.publisher.Operators$MultiSubscriptionSubscriber.onSubscribe(Operators.java:2241) ~[reactor-core-3.7.0.jar:3.7.0]
	at reactor.core.publisher.MonoSingle$SingleSubscriber.onSubscribe(MonoSingle.java:115) ~[reactor-core-3.7.0.jar:3.7.0]
	at reactor.core.publisher.FluxMapFuseable$MapFuseableSubscriber.onSubscribe(FluxMapFuseable.java:96) ~[reactor-core-3.7.0.jar:3.7.0]
	at reactor.core.publisher.MonoJust.subscribe(MonoJust.java:55) ~[reactor-core-3.7.0.jar:3.7.0]
	at reactor.core.publisher.FluxFromMonoOperator.subscribe(FluxFromMonoOperator.java:85) ~[reactor-core-3.7.0.jar:3.7.0]
	at reactor.core.publisher.FluxDeferContextual.subscribe(FluxDeferContextual.java:57) ~[reactor-core-3.7.0.jar:3.7.0]
	at reactor.core.publisher.Mono.subscribe(Mono.java:4576) ~[reactor-core-3.7.0.jar:3.7.0]
	at reactor.core.publisher.Mono.subscribeWith(Mono.java:4642) ~[reactor-core-3.7.0.jar:3.7.0]
	at reactor.core.publisher.Mono.subscribe(Mono.java:4542) ~[reactor-core-3.7.0.jar:3.7.0]
	at reactor.core.publisher.Mono.subscribe(Mono.java:4478) ~[reactor-core-3.7.0.jar:3.7.0]
	at org.springframework.test.web.reactive.server.HttpHandlerConnector.doConnect(HttpHandlerConnector.java:114) ~[spring-test-6.2.0.jar:6.2.0]
	at org.springframework.test.web.reactive.server.HttpHandlerConnector.lambda$connect$0(HttpHandlerConnector.java:81) ~[spring-test-6.2.0.jar:6.2.0]
	at reactor.core.publisher.MonoDefer.subscribe(MonoDefer.java:45) ~[reactor-core-3.7.0.jar:3.7.0]
	at reactor.core.publisher.Mono.subscribe(Mono.java:4576) ~[reactor-core-3.7.0.jar:3.7.0]
	at reactor.core.publisher.MonoSubscribeOn$SubscribeOnSubscriber.run(MonoSubscribeOn.java:126) ~[reactor-core-3.7.0.jar:3.7.0]
	at reactor.core.scheduler.WorkerTask.call(WorkerTask.java:84) ~[reactor-core-3.7.0.jar:3.7.0]
	at reactor.core.scheduler.WorkerTask.call(WorkerTask.java:37) ~[reactor-core-3.7.0.jar:3.7.0]
	at java.base/java.util.concurrent.FutureTask.run(FutureTask.java:317) ~[na:na]
	at java.base/java.util.concurrent.ScheduledThreadPoolExecutor$ScheduledFutureTask.run(ScheduledThreadPoolExecutor.java:304) ~[na:na]
	at java.base/java.util.concurrent.ThreadPoolExecutor.runWorker(ThreadPoolExecutor.java:1144) ~[na:na]
	at java.base/java.util.concurrent.ThreadPoolExecutor$Worker.run(ThreadPoolExecutor.java:642) ~[na:na]
	at java.base/java.lang.Thread.run(Thread.java:1583) ~[na:na]

2025-12-23T09:19:11.438+01:00 ERROR 34708 --- [route-service] [           main] o.s.t.w.reactive.server.ExchangeResult   : Request details for assertion failure:

> POST /api/v1/packages
> WebTestClient-Request-Id: [1]
> Content-Type: [application/json]
> Content-Length: [298]

{"senderName":"Jeff Belekotan","senderPhone":"+237 600000000","recipientName":"Farelle Ngapgou","recipientPhone":"+237 611111111","pickupLocation":"POINT(9.7 4.0)","pickupAddress":null,"deliveryLocation":"POINT(11.5 3.8)","deliveryAddress":null,"weightKg":10.5,"declaredValueXaf":null,"notes":null}

< 500 INTERNAL_SERVER_ERROR Internal Server Error
< Vary: [Origin, Access-Control-Request-Method, Access-Control-Request-Headers]
< Content-Type: [application/json]
< Content-Length: [154]

{"path":"/api/v1/packages","error":"Internal Server Error","message":"An unexpected error occurred","timestamp":"2025-12-23T09:19:11.413878","status":500}

2025-12-23T09:19:11.458+01:00 ERROR 34708 --- [route-service] [     parallel-8] c.y.d.r.c.e.GlobalExceptionHandler       : Unexpected error: 404 NOT_FOUND "No static resource api/v1/packages/298ae79e-c73e-4580-9e85-a7561f0ff6e7."

org.springframework.web.reactive.resource.NoResourceFoundException: 404 NOT_FOUND "No static resource api/v1/packages/298ae79e-c73e-4580-9e85-a7561f0ff6e7."
	at org.springframework.web.reactive.resource.ResourceWebHandler.lambda$handle$1(ResourceWebHandler.java:432) ~[spring-webflux-6.2.0.jar:6.2.0]
	at reactor.core.publisher.MonoDefer.subscribe(MonoDefer.java:45) ~[reactor-core-3.7.0.jar:3.7.0]
	at reactor.core.publisher.Mono.subscribe(Mono.java:4576) ~[reactor-core-3.7.0.jar:3.7.0]
	at reactor.core.publisher.FluxSwitchIfEmpty$SwitchIfEmptySubscriber.onComplete(FluxSwitchIfEmpty.java:82) ~[reactor-core-3.7.0.jar:3.7.0]
	at reactor.core.publisher.MonoFlatMap$FlatMapMain.onComplete(MonoFlatMap.java:189) ~[reactor-core-3.7.0.jar:3.7.0]
	at reactor.core.publisher.MonoNext$NextSubscriber.onComplete(MonoNext.java:102) ~[reactor-core-3.7.0.jar:3.7.0]
	at reactor.core.publisher.FluxConcatMapNoPrefetch$FluxConcatMapNoPrefetchSubscriber.onComplete(FluxConcatMapNoPrefetch.java:241) ~[reactor-core-3.7.0.jar:3.7.0]
	at reactor.core.publisher.FluxIterable$IterableSubscription.slowPath(FluxIterable.java:357) ~[reactor-core-3.7.0.jar:3.7.0]
	at reactor.core.publisher.FluxIterable$IterableSubscription.request(FluxIterable.java:294) ~[reactor-core-3.7.0.jar:3.7.0]
	at reactor.core.publisher.FluxConcatMapNoPrefetch$FluxConcatMapNoPrefetchSubscriber.request(FluxConcatMapNoPrefetch.java:337) ~[reactor-core-3.7.0.jar:3.7.0]
	at reactor.core.publisher.MonoNext$NextSubscriber.request(MonoNext.java:108) ~[reactor-core-3.7.0.jar:3.7.0]
	at reactor.core.publisher.MonoFlatMap$FlatMapMain.request(MonoFlatMap.java:194) ~[reactor-core-3.7.0.jar:3.7.0]
	at reactor.core.publisher.Operators$MultiSubscriptionSubscriber.set(Operators.java:2367) ~[reactor-core-3.7.0.jar:3.7.0]
	at reactor.core.publisher.Operators$MultiSubscriptionSubscriber.onSubscribe(Operators.java:2241) ~[reactor-core-3.7.0.jar:3.7.0]
	at reactor.core.publisher.MonoFlatMap$FlatMapMain.onSubscribe(MonoFlatMap.java:117) ~[reactor-core-3.7.0.jar:3.7.0]
	at reactor.core.publisher.MonoNext$NextSubscriber.onSubscribe(MonoNext.java:70) ~[reactor-core-3.7.0.jar:3.7.0]
	at reactor.core.publisher.FluxConcatMapNoPrefetch$FluxConcatMapNoPrefetchSubscriber.onSubscribe(FluxConcatMapNoPrefetch.java:164) ~[reactor-core-3.7.0.jar:3.7.0]
	at reactor.core.publisher.FluxIterable.subscribe(FluxIterable.java:201) ~[reactor-core-3.7.0.jar:3.7.0]
	at reactor.core.publisher.FluxIterable.subscribe(FluxIterable.java:83) ~[reactor-core-3.7.0.jar:3.7.0]
	at reactor.core.publisher.Mono.subscribe(Mono.java:4576) ~[reactor-core-3.7.0.jar:3.7.0]
	at reactor.core.publisher.MonoIgnoreThen$ThenIgnoreMain.subscribeNext(MonoIgnoreThen.java:265) ~[reactor-core-3.7.0.jar:3.7.0]
	at reactor.core.publisher.MonoIgnoreThen.subscribe(MonoIgnoreThen.java:51) ~[reactor-core-3.7.0.jar:3.7.0]
	at reactor.core.publisher.InternalMonoOperator.subscribe(InternalMonoOperator.java:76) ~[reactor-core-3.7.0.jar:3.7.0]
	at reactor.core.publisher.MonoFlatMap$FlatMapMain.onNext(MonoFlatMap.java:165) ~[reactor-core-3.7.0.jar:3.7.0]
	at reactor.core.publisher.FluxOnErrorResume$ResumeSubscriber.onNext(FluxOnErrorResume.java:79) ~[reactor-core-3.7.0.jar:3.7.0]
	at reactor.core.publisher.FluxSwitchIfEmpty$SwitchIfEmptySubscriber.onNext(FluxSwitchIfEmpty.java:74) ~[reactor-core-3.7.0.jar:3.7.0]
	at reactor.core.publisher.MonoNext$NextSubscriber.onNext(MonoNext.java:82) ~[reactor-core-3.7.0.jar:3.7.0]
	at reactor.core.publisher.FluxConcatMapNoPrefetch$FluxConcatMapNoPrefetchSubscriber.innerNext(FluxConcatMapNoPrefetch.java:259) ~[reactor-core-3.7.0.jar:3.7.0]
	at reactor.core.publisher.FluxConcatMap$ConcatMapInner.onNext(FluxConcatMap.java:865) ~[reactor-core-3.7.0.jar:3.7.0]
	at reactor.core.publisher.FluxMapFuseable$MapFuseableSubscriber.onNext(FluxMapFuseable.java:129) ~[reactor-core-3.7.0.jar:3.7.0]
	at reactor.core.publisher.Operators$ScalarSubscription.request(Operators.java:2571) ~[reactor-core-3.7.0.jar:3.7.0]
	at reactor.core.publisher.FluxMapFuseable$MapFuseableSubscriber.request(FluxMapFuseable.java:171) ~[reactor-core-3.7.0.jar:3.7.0]
	at reactor.core.publisher.Operators$MultiSubscriptionSubscriber.request(Operators.java:2331) ~[reactor-core-3.7.0.jar:3.7.0]
	at reactor.core.publisher.FluxConcatMapNoPrefetch$FluxConcatMapNoPrefetchSubscriber.request(FluxConcatMapNoPrefetch.java:339) ~[reactor-core-3.7.0.jar:3.7.0]
	at reactor.core.publisher.MonoNext$NextSubscriber.request(MonoNext.java:108) ~[reactor-core-3.7.0.jar:3.7.0]
	at reactor.core.publisher.Operators$MultiSubscriptionSubscriber.set(Operators.java:2367) ~[reactor-core-3.7.0.jar:3.7.0]
	at reactor.core.publisher.Operators$MultiSubscriptionSubscriber.onSubscribe(Operators.java:2241) ~[reactor-core-3.7.0.jar:3.7.0]
	at reactor.core.publisher.MonoNext$NextSubscriber.onSubscribe(MonoNext.java:70) ~[reactor-core-3.7.0.jar:3.7.0]
	at reactor.core.publisher.FluxConcatMapNoPrefetch$FluxConcatMapNoPrefetchSubscriber.onSubscribe(FluxConcatMapNoPrefetch.java:164) ~[reactor-core-3.7.0.jar:3.7.0]
	at reactor.core.publisher.FluxIterable.subscribe(FluxIterable.java:201) ~[reactor-core-3.7.0.jar:3.7.0]
	at reactor.core.publisher.FluxIterable.subscribe(FluxIterable.java:83) ~[reactor-core-3.7.0.jar:3.7.0]
	at reactor.core.publisher.InternalMonoOperator.subscribe(InternalMonoOperator.java:76) ~[reactor-core-3.7.0.jar:3.7.0]
	at reactor.core.publisher.MonoDefer.subscribe(MonoDefer.java:53) ~[reactor-core-3.7.0.jar:3.7.0]
	at reactor.core.publisher.Mono.subscribe(Mono.java:4576) ~[reactor-core-3.7.0.jar:3.7.0]
	at reactor.core.publisher.MonoIgnoreThen$ThenIgnoreMain.subscribeNext(MonoIgnoreThen.java:265) ~[reactor-core-3.7.0.jar:3.7.0]
	at reactor.core.publisher.MonoIgnoreThen.subscribe(MonoIgnoreThen.java:51) ~[reactor-core-3.7.0.jar:3.7.0]
	at reactor.core.publisher.Mono.subscribe(Mono.java:4576) ~[reactor-core-3.7.0.jar:3.7.0]
	at reactor.core.publisher.Mono.subscribeWith(Mono.java:4642) ~[reactor-core-3.7.0.jar:3.7.0]
	at reactor.core.publisher.Mono.subscribe(Mono.java:4542) ~[reactor-core-3.7.0.jar:3.7.0]
	at reactor.core.publisher.Mono.subscribe(Mono.java:4478) ~[reactor-core-3.7.0.jar:3.7.0]
	at org.springframework.test.web.reactive.server.HttpHandlerConnector.lambda$doConnect$2(HttpHandlerConnector.java:100) ~[spring-test-6.2.0.jar:6.2.0]
	at org.springframework.mock.http.client.reactive.MockClientHttpRequest.lambda$writeWith$2(MockClientHttpRequest.java:128) ~[spring-test-6.2.0.jar:6.2.0]
	at reactor.core.publisher.MonoDefer.subscribe(MonoDefer.java:45) ~[reactor-core-3.7.0.jar:3.7.0]
	at reactor.core.publisher.Mono.subscribe(Mono.java:4576) ~[reactor-core-3.7.0.jar:3.7.0]
	at reactor.core.publisher.FluxConcatIterable$ConcatIterableSubscriber.onComplete(FluxConcatIterable.java:148) ~[reactor-core-3.7.0.jar:3.7.0]
	at reactor.core.publisher.FluxConcatIterable.subscribe(FluxConcatIterable.java:60) ~[reactor-core-3.7.0.jar:3.7.0]
	at reactor.core.publisher.Mono.subscribe(Mono.java:4576) ~[reactor-core-3.7.0.jar:3.7.0]
	at reactor.core.publisher.Mono.subscribeWith(Mono.java:4642) ~[reactor-core-3.7.0.jar:3.7.0]
	at reactor.core.publisher.Mono.subscribe(Mono.java:4542) ~[reactor-core-3.7.0.jar:3.7.0]
	at reactor.core.publisher.Mono.subscribe(Mono.java:4478) ~[reactor-core-3.7.0.jar:3.7.0]
	at org.springframework.test.web.reactive.server.HttpHandlerConnector.doConnect(HttpHandlerConnector.java:114) ~[spring-test-6.2.0.jar:6.2.0]
	at org.springframework.test.web.reactive.server.HttpHandlerConnector.lambda$connect$0(HttpHandlerConnector.java:81) ~[spring-test-6.2.0.jar:6.2.0]
	at reactor.core.publisher.MonoDefer.subscribe(MonoDefer.java:45) ~[reactor-core-3.7.0.jar:3.7.0]
	at reactor.core.publisher.Mono.subscribe(Mono.java:4576) ~[reactor-core-3.7.0.jar:3.7.0]
	at reactor.core.publisher.MonoSubscribeOn$SubscribeOnSubscriber.run(MonoSubscribeOn.java:126) ~[reactor-core-3.7.0.jar:3.7.0]
	at reactor.core.scheduler.WorkerTask.call(WorkerTask.java:84) ~[reactor-core-3.7.0.jar:3.7.0]
	at reactor.core.scheduler.WorkerTask.call(WorkerTask.java:37) ~[reactor-core-3.7.0.jar:3.7.0]
	at java.base/java.util.concurrent.FutureTask.run(FutureTask.java:317) ~[na:na]
	at java.base/java.util.concurrent.ScheduledThreadPoolExecutor$ScheduledFutureTask.run(ScheduledThreadPoolExecutor.java:304) ~[na:na]
	at java.base/java.util.concurrent.ThreadPoolExecutor.runWorker(ThreadPoolExecutor.java:1144) ~[na:na]
	at java.base/java.util.concurrent.ThreadPoolExecutor$Worker.run(ThreadPoolExecutor.java:642) ~[na:na]
	at java.base/java.lang.Thread.run(Thread.java:1583) ~[na:na]

2025-12-23T09:19:11.464+01:00 ERROR 34708 --- [route-service] [           main] o.s.t.w.reactive.server.ExchangeResult   : Request details for assertion failure:

> GET /api/v1/packages/298ae79e-c73e-4580-9e85-a7561f0ff6e7
> WebTestClient-Request-Id: [2]

No content

< 500 INTERNAL_SERVER_ERROR Internal Server Error
< Vary: [Origin, Access-Control-Request-Method, Access-Control-Request-Headers]
< Content-Type: [application/json]
< Content-Length: [192]

{"path":"/api/v1/packages/298ae79e-c73e-4580-9e85-a7561f0ff6e7","error":"Internal Server Error","message":"An unexpected error occurred","timestamp":"2025-12-23T09:19:11.4608875","status":500}

2025-12-23T09:19:11.479+01:00 ERROR 34708 --- [route-service] [     parallel-1] c.y.d.r.c.e.GlobalExceptionHandler       : Unexpected error: 404 NOT_FOUND "No static resource api/v1/packages."

org.springframework.web.reactive.resource.NoResourceFoundException: 404 NOT_FOUND "No static resource api/v1/packages."
	at org.springframework.web.reactive.resource.ResourceWebHandler.lambda$handle$1(ResourceWebHandler.java:432) ~[spring-webflux-6.2.0.jar:6.2.0]
	at reactor.core.publisher.MonoDefer.subscribe(MonoDefer.java:45) ~[reactor-core-3.7.0.jar:3.7.0]
	at reactor.core.publisher.Mono.subscribe(Mono.java:4576) ~[reactor-core-3.7.0.jar:3.7.0]
	at reactor.core.publisher.FluxSwitchIfEmpty$SwitchIfEmptySubscriber.onComplete(FluxSwitchIfEmpty.java:82) ~[reactor-core-3.7.0.jar:3.7.0]
	at reactor.core.publisher.MonoFlatMap$FlatMapMain.onComplete(MonoFlatMap.java:189) ~[reactor-core-3.7.0.jar:3.7.0]
	at reactor.core.publisher.MonoNext$NextSubscriber.onComplete(MonoNext.java:102) ~[reactor-core-3.7.0.jar:3.7.0]
	at reactor.core.publisher.FluxConcatMapNoPrefetch$FluxConcatMapNoPrefetchSubscriber.onComplete(FluxConcatMapNoPrefetch.java:241) ~[reactor-core-3.7.0.jar:3.7.0]
	at reactor.core.publisher.FluxIterable$IterableSubscription.slowPath(FluxIterable.java:357) ~[reactor-core-3.7.0.jar:3.7.0]
	at reactor.core.publisher.FluxIterable$IterableSubscription.request(FluxIterable.java:294) ~[reactor-core-3.7.0.jar:3.7.0]
	at reactor.core.publisher.FluxConcatMapNoPrefetch$FluxConcatMapNoPrefetchSubscriber.request(FluxConcatMapNoPrefetch.java:337) ~[reactor-core-3.7.0.jar:3.7.0]
	at reactor.core.publisher.MonoNext$NextSubscriber.request(MonoNext.java:108) ~[reactor-core-3.7.0.jar:3.7.0]
	at reactor.core.publisher.MonoFlatMap$FlatMapMain.request(MonoFlatMap.java:194) ~[reactor-core-3.7.0.jar:3.7.0]
	at reactor.core.publisher.Operators$MultiSubscriptionSubscriber.set(Operators.java:2367) ~[reactor-core-3.7.0.jar:3.7.0]
	at reactor.core.publisher.Operators$MultiSubscriptionSubscriber.onSubscribe(Operators.java:2241) ~[reactor-core-3.7.0.jar:3.7.0]
	at reactor.core.publisher.MonoFlatMap$FlatMapMain.onSubscribe(MonoFlatMap.java:117) ~[reactor-core-3.7.0.jar:3.7.0]
	at reactor.core.publisher.MonoNext$NextSubscriber.onSubscribe(MonoNext.java:70) ~[reactor-core-3.7.0.jar:3.7.0]
	at reactor.core.publisher.FluxConcatMapNoPrefetch$FluxConcatMapNoPrefetchSubscriber.onSubscribe(FluxConcatMapNoPrefetch.java:164) ~[reactor-core-3.7.0.jar:3.7.0]
	at reactor.core.publisher.FluxIterable.subscribe(FluxIterable.java:201) ~[reactor-core-3.7.0.jar:3.7.0]
	at reactor.core.publisher.FluxIterable.subscribe(FluxIterable.java:83) ~[reactor-core-3.7.0.jar:3.7.0]
	at reactor.core.publisher.Mono.subscribe(Mono.java:4576) ~[reactor-core-3.7.0.jar:3.7.0]
	at reactor.core.publisher.MonoIgnoreThen$ThenIgnoreMain.subscribeNext(MonoIgnoreThen.java:265) ~[reactor-core-3.7.0.jar:3.7.0]
	at reactor.core.publisher.MonoIgnoreThen.subscribe(MonoIgnoreThen.java:51) ~[reactor-core-3.7.0.jar:3.7.0]
	at reactor.core.publisher.InternalMonoOperator.subscribe(InternalMonoOperator.java:76) ~[reactor-core-3.7.0.jar:3.7.0]
	at reactor.core.publisher.MonoFlatMap$FlatMapMain.onNext(MonoFlatMap.java:165) ~[reactor-core-3.7.0.jar:3.7.0]
	at reactor.core.publisher.FluxOnErrorResume$ResumeSubscriber.onNext(FluxOnErrorResume.java:79) ~[reactor-core-3.7.0.jar:3.7.0]
	at reactor.core.publisher.FluxSwitchIfEmpty$SwitchIfEmptySubscriber.onNext(FluxSwitchIfEmpty.java:74) ~[reactor-core-3.7.0.jar:3.7.0]
	at reactor.core.publisher.MonoNext$NextSubscriber.onNext(MonoNext.java:82) ~[reactor-core-3.7.0.jar:3.7.0]
	at reactor.core.publisher.FluxConcatMapNoPrefetch$FluxConcatMapNoPrefetchSubscriber.innerNext(FluxConcatMapNoPrefetch.java:259) ~[reactor-core-3.7.0.jar:3.7.0]
	at reactor.core.publisher.FluxConcatMap$ConcatMapInner.onNext(FluxConcatMap.java:865) ~[reactor-core-3.7.0.jar:3.7.0]
	at reactor.core.publisher.FluxMapFuseable$MapFuseableSubscriber.onNext(FluxMapFuseable.java:129) ~[reactor-core-3.7.0.jar:3.7.0]
	at reactor.core.publisher.Operators$ScalarSubscription.request(Operators.java:2571) ~[reactor-core-3.7.0.jar:3.7.0]
	at reactor.core.publisher.FluxMapFuseable$MapFuseableSubscriber.request(FluxMapFuseable.java:171) ~[reactor-core-3.7.0.jar:3.7.0]
	at reactor.core.publisher.Operators$MultiSubscriptionSubscriber.request(Operators.java:2331) ~[reactor-core-3.7.0.jar:3.7.0]
	at reactor.core.publisher.FluxConcatMapNoPrefetch$FluxConcatMapNoPrefetchSubscriber.request(FluxConcatMapNoPrefetch.java:339) ~[reactor-core-3.7.0.jar:3.7.0]
	at reactor.core.publisher.MonoNext$NextSubscriber.request(MonoNext.java:108) ~[reactor-core-3.7.0.jar:3.7.0]
	at reactor.core.publisher.Operators$MultiSubscriptionSubscriber.set(Operators.java:2367) ~[reactor-core-3.7.0.jar:3.7.0]
	at reactor.core.publisher.Operators$MultiSubscriptionSubscriber.onSubscribe(Operators.java:2241) ~[reactor-core-3.7.0.jar:3.7.0]
	at reactor.core.publisher.MonoNext$NextSubscriber.onSubscribe(MonoNext.java:70) ~[reactor-core-3.7.0.jar:3.7.0]
	at reactor.core.publisher.FluxConcatMapNoPrefetch$FluxConcatMapNoPrefetchSubscriber.onSubscribe(FluxConcatMapNoPrefetch.java:164) ~[reactor-core-3.7.0.jar:3.7.0]
	at reactor.core.publisher.FluxIterable.subscribe(FluxIterable.java:201) ~[reactor-core-3.7.0.jar:3.7.0]
	at reactor.core.publisher.FluxIterable.subscribe(FluxIterable.java:83) ~[reactor-core-3.7.0.jar:3.7.0]
	at reactor.core.publisher.InternalMonoOperator.subscribe(InternalMonoOperator.java:76) ~[reactor-core-3.7.0.jar:3.7.0]
	at reactor.core.publisher.MonoDefer.subscribe(MonoDefer.java:53) ~[reactor-core-3.7.0.jar:3.7.0]
	at reactor.core.publisher.Mono.subscribe(Mono.java:4576) ~[reactor-core-3.7.0.jar:3.7.0]
	at reactor.core.publisher.MonoIgnoreThen$ThenIgnoreMain.subscribeNext(MonoIgnoreThen.java:265) ~[reactor-core-3.7.0.jar:3.7.0]
	at reactor.core.publisher.MonoIgnoreThen.subscribe(MonoIgnoreThen.java:51) ~[reactor-core-3.7.0.jar:3.7.0]
	at reactor.core.publisher.Mono.subscribe(Mono.java:4576) ~[reactor-core-3.7.0.jar:3.7.0]
	at reactor.core.publisher.Mono.subscribeWith(Mono.java:4642) ~[reactor-core-3.7.0.jar:3.7.0]
	at reactor.core.publisher.Mono.subscribe(Mono.java:4542) ~[reactor-core-3.7.0.jar:3.7.0]
	at reactor.core.publisher.Mono.subscribe(Mono.java:4478) ~[reactor-core-3.7.0.jar:3.7.0]
	at org.springframework.test.web.reactive.server.HttpHandlerConnector.lambda$doConnect$2(HttpHandlerConnector.java:100) ~[spring-test-6.2.0.jar:6.2.0]
	at org.springframework.mock.http.client.reactive.MockClientHttpRequest.lambda$writeWith$2(MockClientHttpRequest.java:128) ~[spring-test-6.2.0.jar:6.2.0]
	at reactor.core.publisher.MonoDefer.subscribe(MonoDefer.java:45) ~[reactor-core-3.7.0.jar:3.7.0]
	at reactor.core.publisher.Mono.subscribe(Mono.java:4576) ~[reactor-core-3.7.0.jar:3.7.0]
	at reactor.core.publisher.FluxConcatIterable$ConcatIterableSubscriber.onComplete(FluxConcatIterable.java:148) ~[reactor-core-3.7.0.jar:3.7.0]
	at reactor.core.publisher.FluxConcatIterable.subscribe(FluxConcatIterable.java:60) ~[reactor-core-3.7.0.jar:3.7.0]
	at reactor.core.publisher.Mono.subscribe(Mono.java:4576) ~[reactor-core-3.7.0.jar:3.7.0]
	at reactor.core.publisher.Mono.subscribeWith(Mono.java:4642) ~[reactor-core-3.7.0.jar:3.7.0]
	at reactor.core.publisher.Mono.subscribe(Mono.java:4542) ~[reactor-core-3.7.0.jar:3.7.0]
	at reactor.core.publisher.Mono.subscribe(Mono.java:4478) ~[reactor-core-3.7.0.jar:3.7.0]
	at org.springframework.test.web.reactive.server.HttpHandlerConnector.doConnect(HttpHandlerConnector.java:114) ~[spring-test-6.2.0.jar:6.2.0]
	at org.springframework.test.web.reactive.server.HttpHandlerConnector.lambda$connect$0(HttpHandlerConnector.java:81) ~[spring-test-6.2.0.jar:6.2.0]
	at reactor.core.publisher.MonoDefer.subscribe(MonoDefer.java:45) ~[reactor-core-3.7.0.jar:3.7.0]
	at reactor.core.publisher.Mono.subscribe(Mono.java:4576) ~[reactor-core-3.7.0.jar:3.7.0]
	at reactor.core.publisher.MonoSubscribeOn$SubscribeOnSubscriber.run(MonoSubscribeOn.java:126) ~[reactor-core-3.7.0.jar:3.7.0]
	at reactor.core.scheduler.WorkerTask.call(WorkerTask.java:84) ~[reactor-core-3.7.0.jar:3.7.0]
	at reactor.core.scheduler.WorkerTask.call(WorkerTask.java:37) ~[reactor-core-3.7.0.jar:3.7.0]
	at java.base/java.util.concurrent.FutureTask.run(FutureTask.java:317) ~[na:na]
	at java.base/java.util.concurrent.ScheduledThreadPoolExecutor$ScheduledFutureTask.run(ScheduledThreadPoolExecutor.java:304) ~[na:na]
	at java.base/java.util.concurrent.ThreadPoolExecutor.runWorker(ThreadPoolExecutor.java:1144) ~[na:na]
	at java.base/java.util.concurrent.ThreadPoolExecutor$Worker.run(ThreadPoolExecutor.java:642) ~[na:na]
	at java.base/java.lang.Thread.run(Thread.java:1583) ~[na:na]

2025-12-23T09:19:11.483+01:00 ERROR 34708 --- [route-service] [           main] o.s.t.w.reactive.server.ExchangeResult   : Request details for assertion failure:

> GET /api/v1/packages
> WebTestClient-Request-Id: [3]

No content

< 500 INTERNAL_SERVER_ERROR Internal Server Error
< Vary: [Origin, Access-Control-Request-Method, Access-Control-Request-Headers]
< Content-Type: [application/json]
< Content-Length: [154]

{"path":"/api/v1/packages","error":"Internal Server Error","message":"An unexpected error occurred","timestamp":"2025-12-23T09:19:11.482339","status":500}

[ERROR] Tests run: 3, Failures: 3, Errors: 0, Skipped: 0, Time elapsed: 0.683 s <<< FAILURE! -- in com.yowyob.delivery.route.controller.ParcelControllerTest
[ERROR] com.yowyob.delivery.route.controller.ParcelControllerTest.shouldCreateParcel -- Time elapsed: 0.087 s <<< FAILURE!
java.lang.AssertionError: Status expected:<201 CREATED> but was:<500 INTERNAL_SERVER_ERROR>
	at org.springframework.test.util.AssertionErrors.fail(AssertionErrors.java:61)
	at org.springframework.test.util.AssertionErrors.assertEquals(AssertionErrors.java:128)
	at org.springframework.test.web.reactive.server.StatusAssertions.lambda$assertStatusAndReturn$4(StatusAssertions.java:236)
	at org.springframework.test.web.reactive.server.ExchangeResult.assertWithDiagnostics(ExchangeResult.java:232)
	at org.springframework.test.web.reactive.server.StatusAssertions.assertStatusAndReturn(StatusAssertions.java:236)
	at org.springframework.test.web.reactive.server.StatusAssertions.isCreated(StatusAssertions.java:75)
	at com.yowyob.delivery.route.controller.ParcelControllerTest.shouldCreateParcel(ParcelControllerTest.java:51)
	at java.base/java.lang.reflect.Method.invoke(Method.java:580)
	at java.base/java.util.ArrayList.forEach(ArrayList.java:1596)
	at java.base/java.util.ArrayList.forEach(ArrayList.java:1596)

[ERROR] com.yowyob.delivery.route.controller.ParcelControllerTest.shouldGetParcelById -- Time elapsed: 0.020 s <<< FAILURE!
java.lang.AssertionError: Status expected:<200 OK> but was:<500 INTERNAL_SERVER_ERROR>
	at org.springframework.test.util.AssertionErrors.fail(AssertionErrors.java:61)
	at org.springframework.test.util.AssertionErrors.assertEquals(AssertionErrors.java:128)
	at org.springframework.test.web.reactive.server.StatusAssertions.lambda$assertStatusAndReturn$4(StatusAssertions.java:236)
	at org.springframework.test.web.reactive.server.ExchangeResult.assertWithDiagnostics(ExchangeResult.java:232)
	at org.springframework.test.web.reactive.server.StatusAssertions.assertStatusAndReturn(StatusAssertions.java:236)
	at org.springframework.test.web.reactive.server.StatusAssertions.isOk(StatusAssertions.java:68)
	at com.yowyob.delivery.route.controller.ParcelControllerTest.shouldGetParcelById(ParcelControllerTest.java:68)
	at java.base/java.lang.reflect.Method.invoke(Method.java:580)
	at java.base/java.util.ArrayList.forEach(ArrayList.java:1596)
	at java.base/java.util.ArrayList.forEach(ArrayList.java:1596)

[ERROR] com.yowyob.delivery.route.controller.ParcelControllerTest.shouldListAllParcels -- Time elapsed: 0.016 s <<< FAILURE!
java.lang.AssertionError: Status expected:<200 OK> but was:<500 INTERNAL_SERVER_ERROR>
	at org.springframework.test.util.AssertionErrors.fail(AssertionErrors.java:61)
	at org.springframework.test.util.AssertionErrors.assertEquals(AssertionErrors.java:128)
	at org.springframework.test.web.reactive.server.StatusAssertions.lambda$assertStatusAndReturn$4(StatusAssertions.java:236)
	at org.springframework.test.web.reactive.server.ExchangeResult.assertWithDiagnostics(ExchangeResult.java:232)
	at org.springframework.test.web.reactive.server.StatusAssertions.assertStatusAndReturn(StatusAssertions.java:236)
	at org.springframework.test.web.reactive.server.StatusAssertions.isOk(StatusAssertions.java:68)
	at com.yowyob.delivery.route.controller.ParcelControllerTest.shouldListAllParcels(ParcelControllerTest.java:86)
	at java.base/java.lang.reflect.Method.invoke(Method.java:580)
	at java.base/java.util.ArrayList.forEach(ArrayList.java:1596)
	at java.base/java.util.ArrayList.forEach(ArrayList.java:1596)

[INFO] Running com.yowyob.delivery.route.controller.RouteControllerTest
2025-12-23T09:19:11.501+01:00  INFO 34708 --- [route-service] [           main] t.c.s.AnnotationConfigContextLoaderUtils : Could not detect default configuration classes for test class [com.yowyob.delivery.route.controller.RouteControllerTest]: RouteControllerTest does not declare any static, non-private, non-final, nested classes annotated with @Configuration.
2025-12-23T09:19:11.544+01:00  INFO 34708 --- [route-service] [           main] .b.t.c.SpringBootTestContextBootstrapper : Found @SpringBootConfiguration com.yowyob.delivery.route.RouteApplication for test class com.yowyob.delivery.route.controller.RouteControllerTest

  .   ____          _            __ _ _
 /\\ / ___'_ __ _ _(_)_ __  __ _ \ \ \ \
( ( )\___ | '_ | '_| | '_ \/ _` | \ \ \ \
 \\/  ___)| |_)| | | | | || (_| |  ) ) ) )
  '  |____| .__|_| |_|_| |_\__, | / / / /
 =========|_|==============|___/=/_/_/_/

 :: Spring Boot ::                (v3.4.0)

2025-12-23T09:19:11.602+01:00  INFO 34708 --- [route-service] [           main] c.y.d.r.controller.RouteControllerTest   : Starting RouteControllerTest using Java 21 with PID 34708 (started by HP PROBOOK in E:\backend\backend)
2025-12-23T09:19:11.603+01:00  INFO 34708 --- [route-service] [           main] c.y.d.r.controller.RouteControllerTest   : No active profile set, falling back to 1 default profile: "default"
2025-12-23T09:19:11.957+01:00  INFO 34708 --- [route-service] [           main] c.y.d.r.controller.RouteControllerTest   : Started RouteControllerTest in 0.407 seconds (process running for 10.01)
[INFO] Tests run: 3, Failures: 0, Errors: 0, Skipped: 0, Time elapsed: 0.531 s -- in com.yowyob.delivery.route.controller.RouteControllerTest
[INFO] Running com.yowyob.delivery.route.mapper.HubMapperTest
[INFO] Tests run: 6, Failures: 0, Errors: 0, Skipped: 0, Time elapsed: 0.061 s -- in com.yowyob.delivery.route.mapper.HubMapperTest
[INFO] Running com.yowyob.delivery.route.mapper.ParcelMapperTest
[ERROR] Tests run: 2, Failures: 0, Errors: 2, Skipped: 0, Time elapsed: 0.205 s <<< FAILURE! -- in com.yowyob.delivery.route.mapper.ParcelMapperTest
[ERROR] com.yowyob.delivery.route.mapper.ParcelMapperTest.shouldMapRequestDTOToEntity -- Time elapsed: 0.194 s <<< ERROR!
java.lang.IllegalArgumentException: Could not find field 'hubMapper' of type [null] on target object [com.yowyob.delivery.route.mapper.ParcelMapperImpl@3164d5aa] or target class [class com.yowyob.delivery.route.mapper.ParcelMapperImpl]
	at org.springframework.test.util.ReflectionTestUtils.setField(ReflectionTestUtils.java:192)
	at org.springframework.test.util.ReflectionTestUtils.setField(ReflectionTestUtils.java:108)
	at org.springframework.test.util.ReflectionTestUtils.setField(ReflectionTestUtils.java:92)
	at com.yowyob.delivery.route.mapper.ParcelMapperTest.setUp(ParcelMapperTest.java:36)
	at java.base/java.lang.reflect.Method.invoke(Method.java:580)
	at java.base/java.util.ArrayList.forEach(ArrayList.java:1596)
	at java.base/java.util.ArrayList.forEach(ArrayList.java:1596)

[ERROR] com.yowyob.delivery.route.mapper.ParcelMapperTest.shouldMapParcelToResponseDTO -- Time elapsed: 0.006 s <<< ERROR!
java.lang.IllegalArgumentException: Could not find field 'hubMapper' of type [null] on target object [com.yowyob.delivery.route.mapper.ParcelMapperImpl@552088cc] or target class [class com.yowyob.delivery.route.mapper.ParcelMapperImpl]
	at org.springframework.test.util.ReflectionTestUtils.setField(ReflectionTestUtils.java:192)
	at org.springframework.test.util.ReflectionTestUtils.setField(ReflectionTestUtils.java:108)
	at org.springframework.test.util.ReflectionTestUtils.setField(ReflectionTestUtils.java:92)
	at com.yowyob.delivery.route.mapper.ParcelMapperTest.setUp(ParcelMapperTest.java:36)
	at java.base/java.lang.reflect.Method.invoke(Method.java:580)
	at java.base/java.util.ArrayList.forEach(ArrayList.java:1596)
	at java.base/java.util.ArrayList.forEach(ArrayList.java:1596)

[INFO] Running com.yowyob.delivery.route.mapper.RouteMapperTest
[INFO] Tests run: 1, Failures: 0, Errors: 0, Skipped: 0, Time elapsed: 0.049 s -- in com.yowyob.delivery.route.mapper.RouteMapperTest
[INFO] Running com.yowyob.delivery.route.service.impl.DijkstraRoutingStrategyTest
[INFO] Tests run: 1, Failures: 0, Errors: 0, Skipped: 0, Time elapsed: 0.408 s -- in com.yowyob.delivery.route.service.impl.DijkstraRoutingStrategyTest
[INFO] Running com.yowyob.delivery.route.service.impl.HubServiceImplTest
2025-12-23T09:19:12.853+01:00  INFO 34708 --- [route-service] [           main] c.y.d.route.service.impl.HubServiceImpl  : Creating hub: Test Address
[ERROR] Tests run: 3, Failures: 0, Errors: 3, Skipped: 0, Time elapsed: 0.046 s <<< FAILURE! -- in com.yowyob.delivery.route.service.impl.HubServiceImplTest
[ERROR] com.yowyob.delivery.route.service.impl.HubServiceImplTest.shouldGetAllHubs -- Time elapsed: 0.013 s <<< ERROR!
java.lang.NullPointerException: Cannot invoke "reactor.core.publisher.Flux.map(java.util.function.Function)" because the return value of "com.yowyob.delivery.route.repository.HubRepository.findAllWithLocation()" is null
	at com.yowyob.delivery.route.service.impl.HubServiceImpl.getAllHubs(HubServiceImpl.java:68)
	at com.yowyob.delivery.route.service.impl.HubServiceImplTest.shouldGetAllHubs(HubServiceImplTest.java:91)
	at java.base/java.lang.reflect.Method.invoke(Method.java:580)
	at java.base/java.util.ArrayList.forEach(ArrayList.java:1596)
	at java.base/java.util.ArrayList.forEach(ArrayList.java:1596)

[ERROR] com.yowyob.delivery.route.service.impl.HubServiceImplTest.shouldCreateHub -- Time elapsed: 0.016 s <<< ERROR!
java.lang.NullPointerException: Cannot invoke "reactor.core.publisher.Mono.doOnSuccess(java.util.function.Consumer)" because the return value of "com.yowyob.delivery.route.repository.HubRepository.saveWithGeometry(com.yowyob.delivery.route.domain.entity.Hub)" is null
	at com.yowyob.delivery.route.service.impl.HubServiceImpl.createHub(HubServiceImpl.java:48)
	at com.yowyob.delivery.route.service.impl.HubServiceImplTest.shouldCreateHub(HubServiceImplTest.java:53)
	at java.base/java.lang.reflect.Method.invoke(Method.java:580)
	at java.base/java.util.ArrayList.forEach(ArrayList.java:1596)
	at java.base/java.util.ArrayList.forEach(ArrayList.java:1596)

[ERROR] com.yowyob.delivery.route.service.impl.HubServiceImplTest.shouldGetHubById -- Time elapsed: 0.011 s <<< ERROR!
java.lang.NullPointerException: Cannot invoke "reactor.core.publisher.Mono.map(java.util.function.Function)" because the return value of "com.yowyob.delivery.route.repository.HubRepository.findByIdWithLocation(java.util.UUID)" is null
	at com.yowyob.delivery.route.service.impl.HubServiceImpl.getHub(HubServiceImpl.java:57)
	at com.yowyob.delivery.route.service.impl.HubServiceImplTest.shouldGetHubById(HubServiceImplTest.java:73)
	at java.base/java.lang.reflect.Method.invoke(Method.java:580)
	at java.base/java.util.ArrayList.forEach(ArrayList.java:1596)
	at java.base/java.util.ArrayList.forEach(ArrayList.java:1596)

[INFO] Running com.yowyob.delivery.route.service.impl.ParcelServiceImplTest
[INFO] Tests run: 3, Failures: 0, Errors: 0, Skipped: 0, Time elapsed: 0.302 s -- in com.yowyob.delivery.route.service.impl.ParcelServiceImplTest
[INFO] Running com.yowyob.delivery.route.service.impl.RouteServiceImplTest
[INFO] Tests run: 3, Failures: 0, Errors: 0, Skipped: 0, Time elapsed: 0.327 s -- in com.yowyob.delivery.route.service.impl.RouteServiceImplTest
[INFO] 
[INFO] Results:
[INFO] 
[ERROR] Failures: 
[ERROR]   ParcelControllerTest.shouldCreateParcel:51 Status expected:<201 CREATED> but was:<500 INTERNAL_SERVER_ERROR>
[ERROR]   ParcelControllerTest.shouldGetParcelById:68 Status expected:<200 OK> but was:<500 INTERNAL_SERVER_ERROR>
[ERROR]   ParcelControllerTest.shouldListAllParcels:86 Status expected:<200 OK> but was:<500 INTERNAL_SERVER_ERROR>
[ERROR] Errors: 
[ERROR]   PicknDropBackendApplicationTests ╗ IllegalState Unable to find a @SpringBootConfiguration, you need to use @ContextConfiguration or @SpringBootTest(classes=...) with your test
[ERROR]   ParcelMapperTest.setUp:36 ╗ IllegalArgument Could not find field 'hubMapper' of type [null] on target object [com.yowyob.delivery.route.mapper.ParcelMapperImpl@552088cc] or target class [class com.yowyob.delivery.route.mapper.ParcelMapperImpl]
[ERROR]   ParcelMapperTest.setUp:36 ╗ IllegalArgument Could not find field 'hubMapper' of type [null] on target object [com.yowyob.delivery.route.mapper.ParcelMapperImpl@3164d5aa] or target class [class com.yowyob.delivery.route.mapper.ParcelMapperImpl]
[ERROR]   HubServiceImplTest.shouldCreateHub:53 ╗ NullPointer Cannot invoke "reactor.core.publisher.Mono.doOnSuccess(java.util.function.Consumer)" because the return value of "com.yowyob.delivery.route.repository.HubRepository.saveWithGeometry(com.yowyob.delivery.route.domain.entity.Hub)" is null
[ERROR]   HubServiceImplTest.shouldGetAllHubs:91 ╗ NullPointer Cannot invoke "reactor.core.publisher.Flux.map(java.util.function.Function)" because the return value of "com.yowyob.delivery.route.repository.HubRepository.findAllWithLocation()" is null
[ERROR]   HubServiceImplTest.shouldGetHubById:73 ╗ NullPointer Cannot invoke "reactor.core.publisher.Mono.map(java.util.function.Function)" because the return value of "com.yowyob.delivery.route.repository.HubRepository.findByIdWithLocation(java.util.UUID)" is null
[INFO] 
[ERROR] Tests run: 32, Failures: 3, Errors: 6, Skipped: 0
[INFO] 
[INFO] ------------------------------------------------------------------------
[INFO] BUILD FAILURE
[INFO] ------------------------------------------------------------------------
[INFO] Total time:  20.559 s
[INFO] Finished at: 2025-12-23T09:19:13+01:00
[INFO] ------------------------------------------------------------------------
[ERROR] Failed to execute goal org.apache.maven.plugins:maven-surefire-plugin:3.5.2:test (default-test) on project route-service: There are test failures.
[ERROR] 
[ERROR] See E:\backend\backend\target\surefire-reports for the individual test results.
[ERROR] See dump files (if any exist) [date].dump, [date]-jvmRun[N].dump and [date].dumpstream.
[ERROR] -> [Help 1]
[ERROR] 
[ERROR] To see the full stack trace of the errors, re-run Maven with the -e switch.
[ERROR] Re-run Maven using the -X switch to enable full debug logging.
[ERROR] 
[ERROR] For more information about the errors and possible solutions, please read the following articles:
[ERROR] [Help 1] http://cwiki.apache.org/confluence/display/MAVEN/MojoFailureException
